{"C:\\Projects\\shopme-ts\\src\\App.tsx": {"path":"C:\\Projects\\shopme-ts\\src\\App.tsx","statementMap":{"0":{"start":{"line":21,"column":2},"end":{"line":38,"column":3}}},"fnMap":{"0":{"name":"App","decl":{"start":{"line":20,"column":9},"end":{"line":20,"column":12}},"loc":{"start":{"line":20,"column":15},"end":{"line":39,"column":1}},"line":20}},"branchMap":{},"s":{"0":0},"f":{"0":0},"b":{}}
,"C:\\Projects\\shopme-ts\\src\\index.tsx": {"path":"C:\\Projects\\shopme-ts\\src\\index.tsx","statementMap":{"0":{"start":{"line":12,"column":0},"end":{"line":22,"column":1}},"1":{"start":{"line":15,"column":4},"end":{"line":15,"column":20}},"2":{"start":{"line":16,"column":4},"end":{"line":16,"column":42}},"3":{"start":{"line":17,"column":4},"end":{"line":17,"column":14}},"4":{"start":{"line":20,"column":4},"end":{"line":20,"column":30}},"5":{"start":{"line":25,"column":0},"end":{"line":37,"column":1}},"6":{"start":{"line":28,"column":4},"end":{"line":28,"column":45}},"7":{"start":{"line":29,"column":4},"end":{"line":31,"column":5}},"8":{"start":{"line":30,"column":6},"end":{"line":30,"column":44}},"9":{"start":{"line":32,"column":4},"end":{"line":32,"column":14}},"10":{"start":{"line":35,"column":4},"end":{"line":35,"column":30}},"11":{"start":{"line":39,"column":13},"end":{"line":39,"column":80}},"12":{"start":{"line":40,"column":0},"end":{"line":50,"column":1}},"13":{"start":{"line":55,"column":0},"end":{"line":55,"column":17}}},"fnMap":{"0":{"name":"(anonymous_0)","decl":{"start":{"line":13,"column":2},"end":{"line":13,"column":3}},"loc":{"start":{"line":13,"column":11},"end":{"line":18,"column":3}},"line":13},"1":{"name":"(anonymous_1)","decl":{"start":{"line":19,"column":2},"end":{"line":19,"column":3}},"loc":{"start":{"line":19,"column":11},"end":{"line":21,"column":3}},"line":19},"2":{"name":"(anonymous_2)","decl":{"start":{"line":26,"column":2},"end":{"line":26,"column":3}},"loc":{"start":{"line":26,"column":11},"end":{"line":33,"column":3}},"line":26},"3":{"name":"(anonymous_3)","decl":{"start":{"line":34,"column":2},"end":{"line":34,"column":3}},"loc":{"start":{"line":34,"column":11},"end":{"line":36,"column":3}},"line":34}},"branchMap":{"0":{"loc":{"start":{"line":29,"column":4},"end":{"line":31,"column":5}},"type":"if","locations":[{"start":{"line":29,"column":4},"end":{"line":31,"column":5}},{"start":{},"end":{}}],"line":29}},"s":{"0":0,"1":0,"2":0,"3":0,"4":0,"5":0,"6":0,"7":0,"8":0,"9":0,"10":0,"11":0,"12":0,"13":0},"f":{"0":0,"1":0,"2":0,"3":0},"b":{"0":[0,0]}}
,"C:\\Projects\\shopme-ts\\src\\reportWebVitals.ts": {"path":"C:\\Projects\\shopme-ts\\src\\reportWebVitals.ts","statementMap":{"0":{"start":{"line":3,"column":24},"end":{"line":13,"column":1}},"1":{"start":{"line":4,"column":2},"end":{"line":12,"column":3}},"2":{"start":{"line":5,"column":4},"end":{"line":11,"column":6}},"3":{"start":{"line":6,"column":6},"end":{"line":6,"column":25}},"4":{"start":{"line":7,"column":6},"end":{"line":7,"column":25}},"5":{"start":{"line":8,"column":6},"end":{"line":8,"column":25}},"6":{"start":{"line":9,"column":6},"end":{"line":9,"column":25}},"7":{"start":{"line":10,"column":6},"end":{"line":10,"column":26}}},"fnMap":{"0":{"name":"(anonymous_0)","decl":{"start":{"line":3,"column":24},"end":{"line":3,"column":25}},"loc":{"start":{"line":3,"column":57},"end":{"line":13,"column":1}},"line":3},"1":{"name":"(anonymous_1)","decl":{"start":{"line":5,"column":30},"end":{"line":5,"column":31}},"loc":{"start":{"line":5,"column":79},"end":{"line":11,"column":5}},"line":5}},"branchMap":{"0":{"loc":{"start":{"line":4,"column":2},"end":{"line":12,"column":3}},"type":"if","locations":[{"start":{"line":4,"column":2},"end":{"line":12,"column":3}},{"start":{},"end":{}}],"line":4},"1":{"loc":{"start":{"line":4,"column":6},"end":{"line":4,"column":52}},"type":"binary-expr","locations":[{"start":{"line":4,"column":6},"end":{"line":4,"column":17}},{"start":{"line":4,"column":21},"end":{"line":4,"column":52}}],"line":4}},"s":{"0":0,"1":0,"2":0,"3":0,"4":0,"5":0,"6":0,"7":0},"f":{"0":0,"1":0},"b":{"0":[0,0],"1":[0,0]}}
,"C:\\Projects\\shopme-ts\\src\\__tests__\\mocks\\carts.ts": {"path":"C:\\Projects\\shopme-ts\\src\\__tests__\\mocks\\carts.ts","statementMap":{"0":{"start":{"line":1,"column":20},"end":{"line":26,"column":1}},"1":{"start":{"line":1,"column":26},"end":{"line":26,"column":1}}},"fnMap":{"0":{"name":"(anonymous_0)","decl":{"start":{"line":1,"column":20},"end":{"line":1,"column":21}},"loc":{"start":{"line":1,"column":26},"end":{"line":26,"column":1}},"line":1}},"branchMap":{},"s":{"0":0,"1":0},"f":{"0":0},"b":{}}
,"C:\\Projects\\shopme-ts\\src\\__tests__\\mocks\\favorite.ts": {"path":"C:\\Projects\\shopme-ts\\src\\__tests__\\mocks\\favorite.ts","statementMap":{"0":{"start":{"line":1,"column":23},"end":{"line":15,"column":2}},"1":{"start":{"line":1,"column":43},"end":{"line":15,"column":1}}},"fnMap":{"0":{"name":"(anonymous_0)","decl":{"start":{"line":1,"column":23},"end":{"line":1,"column":24}},"loc":{"start":{"line":1,"column":43},"end":{"line":15,"column":1}},"line":1}},"branchMap":{"0":{"loc":{"start":{"line":1,"column":24},"end":{"line":1,"column":37}},"type":"default-arg","locations":[{"start":{"line":1,"column":35},"end":{"line":1,"column":37}}],"line":1}},"s":{"0":1,"1":2},"f":{"0":2},"b":{"0":[0]},"_coverageSchema":"1a1c01bbd47fc00a2c39e90264f33305004495a9","hash":"6735b453fd331ef66b82d00cd5c9c84dbb9042b5"}
,"C:\\Projects\\shopme-ts\\src\\__tests__\\mocks\\favorites.ts": {"path":"C:\\Projects\\shopme-ts\\src\\__tests__\\mocks\\favorites.ts","statementMap":{"0":{"start":{"line":1,"column":24},"end":{"line":26,"column":1}},"1":{"start":{"line":1,"column":30},"end":{"line":26,"column":1}}},"fnMap":{"0":{"name":"(anonymous_0)","decl":{"start":{"line":1,"column":24},"end":{"line":1,"column":25}},"loc":{"start":{"line":1,"column":30},"end":{"line":26,"column":1}},"line":1}},"branchMap":{},"s":{"0":2,"1":4},"f":{"0":4},"b":{},"_coverageSchema":"1a1c01bbd47fc00a2c39e90264f33305004495a9","hash":"7168395bb943a9cb6f497947264f64b22834263e"}
,"C:\\Projects\\shopme-ts\\src\\__tests__\\mocks\\product.ts": {"path":"C:\\Projects\\shopme-ts\\src\\__tests__\\mocks\\product.ts","statementMap":{"0":{"start":{"line":1,"column":22},"end":{"line":15,"column":2}},"1":{"start":{"line":1,"column":42},"end":{"line":15,"column":1}}},"fnMap":{"0":{"name":"(anonymous_0)","decl":{"start":{"line":1,"column":22},"end":{"line":1,"column":23}},"loc":{"start":{"line":1,"column":42},"end":{"line":15,"column":1}},"line":1}},"branchMap":{"0":{"loc":{"start":{"line":1,"column":23},"end":{"line":1,"column":36}},"type":"default-arg","locations":[{"start":{"line":1,"column":34},"end":{"line":1,"column":36}}],"line":1}},"s":{"0":4,"1":21},"f":{"0":21},"b":{"0":[20]},"_coverageSchema":"1a1c01bbd47fc00a2c39e90264f33305004495a9","hash":"ac80476ade931b93b25eddc204cceeadecb448b9"}
,"C:\\Projects\\shopme-ts\\src\\__tests__\\mocks\\products.ts": {"path":"C:\\Projects\\shopme-ts\\src\\__tests__\\mocks\\products.ts","statementMap":{"0":{"start":{"line":1,"column":23},"end":{"line":38,"column":1}},"1":{"start":{"line":1,"column":29},"end":{"line":38,"column":1}}},"fnMap":{"0":{"name":"(anonymous_0)","decl":{"start":{"line":1,"column":23},"end":{"line":1,"column":24}},"loc":{"start":{"line":1,"column":29},"end":{"line":38,"column":1}},"line":1}},"branchMap":{},"s":{"0":6,"1":35},"f":{"0":35},"b":{},"_coverageSchema":"1a1c01bbd47fc00a2c39e90264f33305004495a9","hash":"3596e6141fccf140f6b40e9f5bd1deb8a61e51b4"}
,"C:\\Projects\\shopme-ts\\src\\__tests__\\mocks\\data\\Product.ts": {"path":"C:\\Projects\\shopme-ts\\src\\__tests__\\mocks\\data\\Product.ts","statementMap":{"0":{"start":{"line":1,"column":20},"end":{"line":13,"column":2}},"1":{"start":{"line":1,"column":40},"end":{"line":13,"column":1}}},"fnMap":{"0":{"name":"(anonymous_0)","decl":{"start":{"line":1,"column":20},"end":{"line":1,"column":21}},"loc":{"start":{"line":1,"column":40},"end":{"line":13,"column":1}},"line":1}},"branchMap":{"0":{"loc":{"start":{"line":1,"column":21},"end":{"line":1,"column":34}},"type":"default-arg","locations":[{"start":{"line":1,"column":32},"end":{"line":1,"column":34}}],"line":1}},"s":{"0":1,"1":2},"f":{"0":2},"b":{"0":[2]},"_coverageSchema":"1a1c01bbd47fc00a2c39e90264f33305004495a9","hash":"f5d3afda502912eaa8260719c450a6a76b2d7f46"}
,"C:\\Projects\\shopme-ts\\src\\__tests__\\test-utils\\component-renderer.tsx": {"path":"C:\\Projects\\shopme-ts\\src\\__tests__\\test-utils\\component-renderer.tsx","statementMap":{"0":{"start":{"line":13,"column":14},"end":{"line":13,"column":25}},"1":{"start":{"line":15,"column":31},"end":{"line":16,"column":63}},"2":{"start":{"line":16,"column":2},"end":{"line":16,"column":63}},"3":{"start":{"line":21,"column":33},"end":{"line":22,"column":58}},"4":{"start":{"line":22,"column":2},"end":{"line":22,"column":58}}},"fnMap":{"0":{"name":"(anonymous_0)","decl":{"start":{"line":15,"column":31},"end":{"line":15,"column":32}},"loc":{"start":{"line":16,"column":2},"end":{"line":16,"column":63}},"line":16},"1":{"name":"(anonymous_1)","decl":{"start":{"line":21,"column":33},"end":{"line":21,"column":34}},"loc":{"start":{"line":22,"column":2},"end":{"line":22,"column":58}},"line":22}},"branchMap":{"0":{"loc":{"start":{"line":15,"column":54},"end":{"line":15,"column":76}},"type":"default-arg","locations":[{"start":{"line":15,"column":71},"end":{"line":15,"column":76}}],"line":15}},"s":{"0":15,"1":15,"2":47,"3":15,"4":4},"f":{"0":47,"1":4},"b":{"0":[47]},"_coverageSchema":"1a1c01bbd47fc00a2c39e90264f33305004495a9","hash":"2e353fd21f94b4f16d16cd66fa7e5ed82bff95c8"}
,"C:\\Projects\\shopme-ts\\src\\__tests__\\test-utils\\nocked.ts": {"path":"C:\\Projects\\shopme-ts\\src\\__tests__\\test-utils\\nocked.ts","statementMap":{"0":{"start":{"line":3,"column":15},"end":{"line":27,"column":1}},"1":{"start":{"line":4,"column":2},"end":{"line":26,"column":3}},"2":{"start":{"line":5,"column":4},"end":{"line":25,"column":5}},"3":{"start":{"line":7,"column":6},"end":{"line":14,"column":36}},"4":{"start":{"line":15,"column":11},"end":{"line":25,"column":5}},"5":{"start":{"line":17,"column":6},"end":{"line":24,"column":22}}},"fnMap":{"0":{"name":"(anonymous_0)","decl":{"start":{"line":3,"column":15},"end":{"line":3,"column":16}},"loc":{"start":{"line":3,"column":112},"end":{"line":27,"column":1}},"line":3}},"branchMap":{"0":{"loc":{"start":{"line":4,"column":2},"end":{"line":26,"column":3}},"type":"if","locations":[{"start":{"line":4,"column":2},"end":{"line":26,"column":3}},{"start":{},"end":{}}],"line":4},"1":{"loc":{"start":{"line":5,"column":4},"end":{"line":25,"column":5}},"type":"if","locations":[{"start":{"line":5,"column":4},"end":{"line":25,"column":5}},{"start":{"line":15,"column":11},"end":{"line":25,"column":5}}],"line":5},"2":{"loc":{"start":{"line":13,"column":13},"end":{"line":13,"column":30}},"type":"binary-expr","locations":[{"start":{"line":13,"column":13},"end":{"line":13,"column":23}},{"start":{"line":13,"column":27},"end":{"line":13,"column":30}}],"line":13},"3":{"loc":{"start":{"line":15,"column":11},"end":{"line":25,"column":5}},"type":"if","locations":[{"start":{"line":15,"column":11},"end":{"line":25,"column":5}},{"start":{},"end":{}}],"line":15},"4":{"loc":{"start":{"line":23,"column":13},"end":{"line":23,"column":30}},"type":"binary-expr","locations":[{"start":{"line":23,"column":13},"end":{"line":23,"column":23}},{"start":{"line":23,"column":27},"end":{"line":23,"column":30}}],"line":23}},"s":{"0":0,"1":0,"2":0,"3":0,"4":0,"5":0},"f":{"0":0},"b":{"0":[0,0],"1":[0,0],"2":[0,0],"3":[0,0],"4":[0,0]}}
,"C:\\Projects\\shopme-ts\\src\\__tests__\\test-utils\\reset-store.ts": {"path":"C:\\Projects\\shopme-ts\\src\\__tests__\\test-utils\\reset-store.ts","statementMap":{"0":{"start":{"line":6,"column":27},"end":{"line":25,"column":1}},"1":{"start":{"line":7,"column":20},"end":{"line":14,"column":11}},"2":{"start":{"line":16,"column":23},"end":{"line":21,"column":3}},"3":{"start":{"line":23,"column":16},"end":{"line":23,"column":39}},"4":{"start":{"line":24,"column":2},"end":{"line":24,"column":14}}},"fnMap":{"0":{"name":"(anonymous_0)","decl":{"start":{"line":6,"column":27},"end":{"line":6,"column":28}},"loc":{"start":{"line":6,"column":33},"end":{"line":25,"column":1}},"line":6}},"branchMap":{},"s":{"0":0,"1":0,"2":0,"3":0,"4":0},"f":{"0":0},"b":{}}
,"C:\\Projects\\shopme-ts\\src\\__tests__\\test-utils\\redux\\mock-store.ts": {"path":"C:\\Projects\\shopme-ts\\src\\__tests__\\test-utils\\redux\\mock-store.ts","statementMap":{"0":{"start":{"line":3,"column":27},"end":{"line":9,"column":2}},"1":{"start":{"line":3,"column":47},"end":{"line":9,"column":1}},"2":{"start":{"line":11,"column":18},"end":{"line":15,"column":1}},"3":{"start":{"line":12,"column":20},"end":{"line":12,"column":36}},"4":{"start":{"line":13,"column":21},"end":{"line":13,"column":57}},"5":{"start":{"line":14,"column":2},"end":{"line":14,"column":14}}},"fnMap":{"0":{"name":"(anonymous_0)","decl":{"start":{"line":3,"column":27},"end":{"line":3,"column":28}},"loc":{"start":{"line":3,"column":47},"end":{"line":9,"column":1}},"line":3},"1":{"name":"(anonymous_1)","decl":{"start":{"line":11,"column":18},"end":{"line":11,"column":19}},"loc":{"start":{"line":11,"column":55},"end":{"line":15,"column":1}},"line":11}},"branchMap":{"0":{"loc":{"start":{"line":3,"column":28},"end":{"line":3,"column":41}},"type":"default-arg","locations":[{"start":{"line":3,"column":39},"end":{"line":3,"column":41}}],"line":3},"1":{"loc":{"start":{"line":11,"column":19},"end":{"line":11,"column":50}},"type":"default-arg","locations":[{"start":{"line":11,"column":32},"end":{"line":11,"column":50}}],"line":11}},"s":{"0":15,"1":15,"2":15,"3":15,"4":15,"5":15},"f":{"0":15,"1":15},"b":{"0":[0],"1":[15]},"_coverageSchema":"1a1c01bbd47fc00a2c39e90264f33305004495a9","hash":"05856450b734390f9c3ef03b4b84e79a1be61eb4"}
,"C:\\Projects\\shopme-ts\\src\\__tests__\\test-utils\\redux\\test-store.ts": {"path":"C:\\Projects\\shopme-ts\\src\\__tests__\\test-utils\\redux\\test-store.ts","statementMap":{"0":{"start":{"line":6,"column":18},"end":{"line":22,"column":1}},"1":{"start":{"line":7,"column":16},"end":{"line":20,"column":3}},"2":{"start":{"line":21,"column":2},"end":{"line":21,"column":14}}},"fnMap":{"0":{"name":"(anonymous_0)","decl":{"start":{"line":6,"column":18},"end":{"line":6,"column":19}},"loc":{"start":{"line":6,"column":24},"end":{"line":22,"column":1}},"line":6}},"branchMap":{"0":{"loc":{"start":{"line":15,"column":4},"end":{"line":19,"column":13}},"type":"binary-expr","locations":[{"start":{"line":15,"column":5},"end":{"line":15,"column":11}},{"start":{"line":16,"column":6},"end":{"line":16,"column":58}},{"start":{"line":17,"column":6},"end":{"line":17,"column":12}},{"start":{"line":18,"column":6},"end":{"line":18,"column":60}},{"start":{"line":19,"column":6},"end":{"line":19,"column":13}}],"line":15}},"s":{"0":2,"1":10,"2":10},"f":{"0":10},"b":{"0":[10,10,0,0,10]},"_coverageSchema":"1a1c01bbd47fc00a2c39e90264f33305004495a9","hash":"efc195978db83c9ae50fd4c86d4dcee9ea0767a5"}
,"C:\\Projects\\shopme-ts\\src\\__tests__\\types\\Product.ts": {"path":"C:\\Projects\\shopme-ts\\src\\__tests__\\types\\Product.ts","statementMap":{},"fnMap":{},"branchMap":{},"s":{},"f":{},"b":{}}
,"C:\\Projects\\shopme-ts\\src\\client-request\\get-product-detail.ts": {"path":"C:\\Projects\\shopme-ts\\src\\client-request\\get-product-detail.ts","statementMap":{"0":{"start":{"line":4,"column":25},"end":{"line":21,"column":1}},"1":{"start":{"line":5,"column":2},"end":{"line":20,"column":4}},"2":{"start":{"line":9,"column":16},"end":{"line":9,"column":61}},"3":{"start":{"line":11,"column":4},"end":{"line":19,"column":8}},"4":{"start":{"line":14,"column":8},"end":{"line":14,"column":25}},"5":{"start":{"line":18,"column":8},"end":{"line":18,"column":21}}},"fnMap":{"0":{"name":"(anonymous_0)","decl":{"start":{"line":4,"column":25},"end":{"line":4,"column":26}},"loc":{"start":{"line":4,"column":54},"end":{"line":21,"column":1}},"line":4},"1":{"name":"(anonymous_1)","decl":{"start":{"line":5,"column":21},"end":{"line":5,"column":22}},"loc":{"start":{"line":5,"column":42},"end":{"line":20,"column":3}},"line":5},"2":{"name":"(anonymous_2)","decl":{"start":{"line":12,"column":12},"end":{"line":12,"column":13}},"loc":{"start":{"line":12,"column":31},"end":{"line":15,"column":7}},"line":12},"3":{"name":"(anonymous_3)","decl":{"start":{"line":16,"column":13},"end":{"line":16,"column":14}},"loc":{"start":{"line":16,"column":29},"end":{"line":19,"column":7}},"line":16}},"branchMap":{},"s":{"0":4,"1":7,"2":7,"3":7,"4":4,"5":3},"f":{"0":7,"1":7,"2":4,"3":3},"b":{},"_coverageSchema":"1a1c01bbd47fc00a2c39e90264f33305004495a9","hash":"e08235271a35d4a6901e08efb8a320249dbb4aee"}
,"C:\\Projects\\shopme-ts\\src\\client-request\\get-products.ts": {"path":"C:\\Projects\\shopme-ts\\src\\client-request\\get-products.ts","statementMap":{"0":{"start":{"line":4,"column":20},"end":{"line":18,"column":1}},"1":{"start":{"line":5,"column":2},"end":{"line":17,"column":4}},"2":{"start":{"line":9,"column":16},"end":{"line":9,"column":37}},"3":{"start":{"line":10,"column":4},"end":{"line":16,"column":8}},"4":{"start":{"line":12,"column":8},"end":{"line":12,"column":25}},"5":{"start":{"line":15,"column":8},"end":{"line":15,"column":21}}},"fnMap":{"0":{"name":"(anonymous_0)","decl":{"start":{"line":4,"column":20},"end":{"line":4,"column":21}},"loc":{"start":{"line":4,"column":26},"end":{"line":18,"column":1}},"line":4},"1":{"name":"(anonymous_1)","decl":{"start":{"line":5,"column":21},"end":{"line":5,"column":22}},"loc":{"start":{"line":5,"column":42},"end":{"line":17,"column":3}},"line":5},"2":{"name":"(anonymous_2)","decl":{"start":{"line":11,"column":12},"end":{"line":11,"column":13}},"loc":{"start":{"line":11,"column":31},"end":{"line":13,"column":7}},"line":11},"3":{"name":"(anonymous_3)","decl":{"start":{"line":14,"column":13},"end":{"line":14,"column":14}},"loc":{"start":{"line":14,"column":29},"end":{"line":16,"column":7}},"line":14}},"branchMap":{},"s":{"0":4,"1":5,"2":5,"3":5,"4":1,"5":1},"f":{"0":5,"1":5,"2":1,"3":1},"b":{},"_coverageSchema":"1a1c01bbd47fc00a2c39e90264f33305004495a9","hash":"295e27955b478ab3045f65c07c21cbee955c0217"}
,"C:\\Projects\\shopme-ts\\src\\components\\Cart.tsx": {"path":"C:\\Projects\\shopme-ts\\src\\components\\Cart.tsx","statementMap":{"0":{"start":{"line":8,"column":13},"end":{"line":10,"column":1}},"1":{"start":{"line":9,"column":2},"end":{"line":9,"column":32}},"2":{"start":{"line":14,"column":0},"end":{"line":29,"column":1}}},"fnMap":{"0":{"name":"(anonymous_0)","decl":{"start":{"line":8,"column":13},"end":{"line":8,"column":14}},"loc":{"start":{"line":8,"column":53},"end":{"line":10,"column":1}},"line":8}},"branchMap":{},"s":{"0":3,"1":4,"2":3},"f":{"0":4},"b":{},"_coverageSchema":"1a1c01bbd47fc00a2c39e90264f33305004495a9","hash":"528f49ca0c2f61fded68a28a9cb040ced6ae46d6"}
,"C:\\Projects\\shopme-ts\\src\\components\\CartButton.tsx": {"path":"C:\\Projects\\shopme-ts\\src\\components\\CartButton.tsx","statementMap":{"0":{"start":{"line":3,"column":19},"end":{"line":9,"column":1}},"1":{"start":{"line":4,"column":2},"end":{"line":8,"column":3}}},"fnMap":{"0":{"name":"(anonymous_0)","decl":{"start":{"line":3,"column":19},"end":{"line":3,"column":20}},"loc":{"start":{"line":3,"column":25},"end":{"line":9,"column":1}},"line":3}},"branchMap":{},"s":{"0":0,"1":0},"f":{"0":0},"b":{}}
,"C:\\Projects\\shopme-ts\\src\\components\\DeleteProductBtn.tsx": {"path":"C:\\Projects\\shopme-ts\\src\\components\\DeleteProductBtn.tsx","statementMap":{"0":{"start":{"line":20,"column":25},"end":{"line":38,"column":1}},"1":{"start":{"line":21,"column":19},"end":{"line":21,"column":32}},"2":{"start":{"line":22,"column":23},"end":{"line":22,"column":31}},"3":{"start":{"line":27,"column":2},"end":{"line":31,"column":3}},"4":{"start":{"line":28,"column":4},"end":{"line":28,"column":27}},"5":{"start":{"line":29,"column":9},"end":{"line":31,"column":3}},"6":{"start":{"line":30,"column":4},"end":{"line":30,"column":31}},"7":{"start":{"line":33,"column":2},"end":{"line":37,"column":3}},"8":{"start":{"line":42,"column":0},"end":{"line":45,"column":1}}},"fnMap":{"0":{"name":"(anonymous_0)","decl":{"start":{"line":20,"column":25},"end":{"line":20,"column":26}},"loc":{"start":{"line":20,"column":84},"end":{"line":38,"column":1}},"line":20}},"branchMap":{"0":{"loc":{"start":{"line":27,"column":2},"end":{"line":31,"column":3}},"type":"if","locations":[{"start":{"line":27,"column":2},"end":{"line":31,"column":3}},{"start":{"line":29,"column":9},"end":{"line":31,"column":3}}],"line":27},"1":{"loc":{"start":{"line":29,"column":9},"end":{"line":31,"column":3}},"type":"if","locations":[{"start":{"line":29,"column":9},"end":{"line":31,"column":3}},{"start":{},"end":{}}],"line":29}},"s":{"0":8,"1":0,"2":0,"3":0,"4":0,"5":0,"6":0,"7":0,"8":8},"f":{"0":0},"b":{"0":[0,0],"1":[0,0]},"_coverageSchema":"1a1c01bbd47fc00a2c39e90264f33305004495a9","hash":"545fed2580f95eb87a2b7adc82efc16b49b4cc6e"}
,"C:\\Projects\\shopme-ts\\src\\components\\Detail.tsx": {"path":"C:\\Projects\\shopme-ts\\src\\components\\Detail.tsx","statementMap":{"0":{"start":{"line":12,"column":22},"end":{"line":107,"column":1}},"1":{"start":{"line":23,"column":26},"end":{"line":23,"column":38}},"2":{"start":{"line":24,"column":19},"end":{"line":24,"column":32}},"3":{"start":{"line":25,"column":41},"end":{"line":25,"column":63}},"4":{"start":{"line":26,"column":28},"end":{"line":36,"column":3}},"5":{"start":{"line":38,"column":2},"end":{"line":106,"column":3}},"6":{"start":{"line":84,"column":10},"end":{"line":102,"column":11}},"7":{"start":{"line":85,"column":12},"end":{"line":93,"column":13}},"8":{"start":{"line":89,"column":40},"end":{"line":89,"column":63}},"9":{"start":{"line":90,"column":36},"end":{"line":90,"column":55}},"10":{"start":{"line":94,"column":17},"end":{"line":102,"column":11}},"11":{"start":{"line":95,"column":12},"end":{"line":101,"column":13}},"12":{"start":{"line":98,"column":38},"end":{"line":98,"column":61}},"13":{"start":{"line":99,"column":34},"end":{"line":99,"column":53}},"14":{"start":{"line":111,"column":0},"end":{"line":122,"column":1}}},"fnMap":{"0":{"name":"(anonymous_0)","decl":{"start":{"line":12,"column":22},"end":{"line":12,"column":23}},"loc":{"start":{"line":22,"column":16},"end":{"line":107,"column":1}},"line":22},"1":{"name":"(anonymous_1)","decl":{"start":{"line":83,"column":10},"end":{"line":83,"column":11}},"loc":{"start":{"line":83,"column":16},"end":{"line":103,"column":9}},"line":83},"2":{"name":"(anonymous_2)","decl":{"start":{"line":89,"column":34},"end":{"line":89,"column":35}},"loc":{"start":{"line":89,"column":40},"end":{"line":89,"column":63}},"line":89},"3":{"name":"(anonymous_3)","decl":{"start":{"line":90,"column":30},"end":{"line":90,"column":31}},"loc":{"start":{"line":90,"column":36},"end":{"line":90,"column":55}},"line":90},"4":{"name":"(anonymous_4)","decl":{"start":{"line":98,"column":32},"end":{"line":98,"column":33}},"loc":{"start":{"line":98,"column":38},"end":{"line":98,"column":61}},"line":98},"5":{"name":"(anonymous_5)","decl":{"start":{"line":99,"column":28},"end":{"line":99,"column":29}},"loc":{"start":{"line":99,"column":34},"end":{"line":99,"column":53}},"line":99}},"branchMap":{"0":{"loc":{"start":{"line":23,"column":26},"end":{"line":23,"column":38}},"type":"binary-expr","locations":[{"start":{"line":23,"column":26},"end":{"line":23,"column":32}},{"start":{"line":23,"column":36},"end":{"line":23,"column":38}}],"line":23},"1":{"loc":{"start":{"line":59,"column":11},"end":{"line":63,"column":11}},"type":"binary-expr","locations":[{"start":{"line":59,"column":11},"end":{"line":59,"column":15}},{"start":{"line":60,"column":12},"end":{"line":62,"column":19}}],"line":59},"2":{"loc":{"start":{"line":84,"column":10},"end":{"line":102,"column":11}},"type":"if","locations":[{"start":{"line":84,"column":10},"end":{"line":102,"column":11}},{"start":{"line":94,"column":17},"end":{"line":102,"column":11}}],"line":84},"3":{"loc":{"start":{"line":84,"column":14},"end":{"line":84,"column":54}},"type":"binary-expr","locations":[{"start":{"line":84,"column":14},"end":{"line":84,"column":22}},{"start":{"line":84,"column":26},"end":{"line":84,"column":54}}],"line":84},"4":{"loc":{"start":{"line":94,"column":17},"end":{"line":102,"column":11}},"type":"if","locations":[{"start":{"line":94,"column":17},"end":{"line":102,"column":11}},{"start":{},"end":{}}],"line":94},"5":{"loc":{"start":{"line":94,"column":21},"end":{"line":94,"column":65}},"type":"binary-expr","locations":[{"start":{"line":94,"column":21},"end":{"line":94,"column":29}},{"start":{"line":94,"column":33},"end":{"line":94,"column":65}}],"line":94}},"s":{"0":8,"1":16,"2":16,"3":16,"4":16,"5":16,"6":16,"7":0,"8":0,"9":0,"10":16,"11":0,"12":0,"13":0,"14":8},"f":{"0":16,"1":16,"2":0,"3":0,"4":0,"5":0},"b":{"0":[16,6],"1":[16,10],"2":[0,16],"3":[16,16],"4":[0,16],"5":[16,16]},"_coverageSchema":"1a1c01bbd47fc00a2c39e90264f33305004495a9","hash":"9d583e797fecbd115a04d2978bdf3b0e9babc2ee"}
,"C:\\Projects\\shopme-ts\\src\\components\\Favorite.tsx": {"path":"C:\\Projects\\shopme-ts\\src\\components\\Favorite.tsx","statementMap":{"0":{"start":{"line":8,"column":17},"end":{"line":10,"column":1}},"1":{"start":{"line":9,"column":2},"end":{"line":9,"column":33}},"2":{"start":{"line":14,"column":0},"end":{"line":29,"column":1}}},"fnMap":{"0":{"name":"(anonymous_0)","decl":{"start":{"line":8,"column":17},"end":{"line":8,"column":18}},"loc":{"start":{"line":8,"column":59},"end":{"line":10,"column":1}},"line":8}},"branchMap":{},"s":{"0":3,"1":4,"2":3},"f":{"0":4},"b":{},"_coverageSchema":"1a1c01bbd47fc00a2c39e90264f33305004495a9","hash":"1ab733dc5b744a1f4de76e77bd742ab28c68c462"}
,"C:\\Projects\\shopme-ts\\src\\components\\Footer.tsx": {"path":"C:\\Projects\\shopme-ts\\src\\components\\Footer.tsx","statementMap":{"0":{"start":{"line":3,"column":22},"end":{"line":39,"column":1}},"1":{"start":{"line":4,"column":2},"end":{"line":38,"column":3}}},"fnMap":{"0":{"name":"(anonymous_0)","decl":{"start":{"line":3,"column":22},"end":{"line":3,"column":23}},"loc":{"start":{"line":3,"column":28},"end":{"line":39,"column":1}},"line":3}},"branchMap":{},"s":{"0":0,"1":0},"f":{"0":0},"b":{}}
,"C:\\Projects\\shopme-ts\\src\\components\\Header.tsx": {"path":"C:\\Projects\\shopme-ts\\src\\components\\Header.tsx","statementMap":{"0":{"start":{"line":12,"column":15},"end":{"line":67,"column":1}},"1":{"start":{"line":13,"column":20},"end":{"line":13,"column":67}},"2":{"start":{"line":13,"column":51},"end":{"line":13,"column":66}},"3":{"start":{"line":14,"column":15},"end":{"line":14,"column":57}},"4":{"start":{"line":14,"column":46},"end":{"line":14,"column":56}},"5":{"start":{"line":15,"column":63},"end":{"line":15,"column":73}},"6":{"start":{"line":17,"column":26},"end":{"line":23,"column":3}},"7":{"start":{"line":18,"column":4},"end":{"line":22,"column":5}},"8":{"start":{"line":19,"column":6},"end":{"line":19,"column":82}},"9":{"start":{"line":21,"column":6},"end":{"line":21,"column":82}},"10":{"start":{"line":25,"column":22},"end":{"line":31,"column":3}},"11":{"start":{"line":26,"column":4},"end":{"line":30,"column":5}},"12":{"start":{"line":27,"column":6},"end":{"line":27,"column":89}},"13":{"start":{"line":29,"column":6},"end":{"line":29,"column":89}},"14":{"start":{"line":33,"column":2},"end":{"line":66,"column":3}},"15":{"start":{"line":51,"column":48},"end":{"line":51,"column":67}},"16":{"start":{"line":56,"column":49},"end":{"line":56,"column":93}}},"fnMap":{"0":{"name":"(anonymous_0)","decl":{"start":{"line":12,"column":15},"end":{"line":12,"column":16}},"loc":{"start":{"line":12,"column":21},"end":{"line":67,"column":1}},"line":12},"1":{"name":"(anonymous_1)","decl":{"start":{"line":13,"column":32},"end":{"line":13,"column":33}},"loc":{"start":{"line":13,"column":51},"end":{"line":13,"column":66}},"line":13},"2":{"name":"(anonymous_2)","decl":{"start":{"line":14,"column":27},"end":{"line":14,"column":28}},"loc":{"start":{"line":14,"column":46},"end":{"line":14,"column":56}},"line":14},"3":{"name":"(anonymous_3)","decl":{"start":{"line":17,"column":26},"end":{"line":17,"column":27}},"loc":{"start":{"line":17,"column":32},"end":{"line":23,"column":3}},"line":17},"4":{"name":"(anonymous_4)","decl":{"start":{"line":25,"column":22},"end":{"line":25,"column":23}},"loc":{"start":{"line":25,"column":28},"end":{"line":31,"column":3}},"line":25},"5":{"name":"(anonymous_5)","decl":{"start":{"line":51,"column":42},"end":{"line":51,"column":43}},"loc":{"start":{"line":51,"column":48},"end":{"line":51,"column":67}},"line":51},"6":{"name":"(anonymous_6)","decl":{"start":{"line":56,"column":43},"end":{"line":56,"column":44}},"loc":{"start":{"line":56,"column":49},"end":{"line":56,"column":93}},"line":56}},"branchMap":{"0":{"loc":{"start":{"line":18,"column":4},"end":{"line":22,"column":5}},"type":"if","locations":[{"start":{"line":18,"column":4},"end":{"line":22,"column":5}},{"start":{"line":20,"column":11},"end":{"line":22,"column":5}}],"line":18},"1":{"loc":{"start":{"line":26,"column":4},"end":{"line":30,"column":5}},"type":"if","locations":[{"start":{"line":26,"column":4},"end":{"line":30,"column":5}},{"start":{"line":28,"column":11},"end":{"line":30,"column":5}}],"line":26},"2":{"loc":{"start":{"line":50,"column":9},"end":{"line":54,"column":9}},"type":"binary-expr","locations":[{"start":{"line":50,"column":9},"end":{"line":50,"column":25}},{"start":{"line":51,"column":10},"end":{"line":53,"column":16}}],"line":50},"3":{"loc":{"start":{"line":55,"column":9},"end":{"line":63,"column":9}},"type":"binary-expr","locations":[{"start":{"line":55,"column":9},"end":{"line":55,"column":24}},{"start":{"line":56,"column":10},"end":{"line":62,"column":16}}],"line":55}},"s":{"0":1,"1":11,"2":11,"3":11,"4":11,"5":11,"6":11,"7":11,"8":1,"9":10,"10":11,"11":11,"12":1,"13":10,"14":11,"15":0,"16":0},"f":{"0":11,"1":11,"2":11,"3":11,"4":11,"5":0,"6":0},"b":{"0":[1,10],"1":[1,10],"2":[11,11],"3":[11,0]},"_coverageSchema":"1a1c01bbd47fc00a2c39e90264f33305004495a9","hash":"cc55587569beeb4c905c3a7f269eeda68de24ddb"}
,"C:\\Projects\\shopme-ts\\src\\components\\NotFound.tsx": {"path":"C:\\Projects\\shopme-ts\\src\\components\\NotFound.tsx","statementMap":{"0":{"start":{"line":3,"column":17},"end":{"line":13,"column":1}},"1":{"start":{"line":4,"column":2},"end":{"line":12,"column":3}}},"fnMap":{"0":{"name":"(anonymous_0)","decl":{"start":{"line":3,"column":17},"end":{"line":3,"column":18}},"loc":{"start":{"line":3,"column":23},"end":{"line":13,"column":1}},"line":3}},"branchMap":{},"s":{"0":2,"1":3},"f":{"0":3},"b":{},"_coverageSchema":"1a1c01bbd47fc00a2c39e90264f33305004495a9","hash":"45c975e1b975913b9948c1e1189e172ba351324a"}
,"C:\\Projects\\shopme-ts\\src\\components\\Product.tsx": {"path":"C:\\Projects\\shopme-ts\\src\\components\\Product.tsx","statementMap":{"0":{"start":{"line":29,"column":16},"end":{"line":83,"column":1}},"1":{"start":{"line":30,"column":96},"end":{"line":30,"column":103}},"2":{"start":{"line":32,"column":26},"end":{"line":50,"column":3}},"3":{"start":{"line":33,"column":4},"end":{"line":49,"column":5}},"4":{"start":{"line":34,"column":6},"end":{"line":40,"column":7}},"5":{"start":{"line":38,"column":25},"end":{"line":38,"column":48}},"6":{"start":{"line":42,"column":6},"end":{"line":48,"column":7}},"7":{"start":{"line":46,"column":25},"end":{"line":46,"column":48}},"8":{"start":{"line":52,"column":24},"end":{"line":58,"column":3}},"9":{"start":{"line":53,"column":4},"end":{"line":57,"column":5}},"10":{"start":{"line":54,"column":6},"end":{"line":54,"column":31}},"11":{"start":{"line":56,"column":6},"end":{"line":56,"column":26}},"12":{"start":{"line":60,"column":2},"end":{"line":82,"column":3}},"13":{"start":{"line":77,"column":23},"end":{"line":77,"column":42}},"14":{"start":{"line":87,"column":0},"end":{"line":106,"column":1}}},"fnMap":{"0":{"name":"(anonymous_0)","decl":{"start":{"line":29,"column":16},"end":{"line":29,"column":17}},"loc":{"start":{"line":29,"column":75},"end":{"line":83,"column":1}},"line":29},"1":{"name":"(anonymous_1)","decl":{"start":{"line":32,"column":26},"end":{"line":32,"column":27}},"loc":{"start":{"line":32,"column":32},"end":{"line":50,"column":3}},"line":32},"2":{"name":"(anonymous_2)","decl":{"start":{"line":38,"column":19},"end":{"line":38,"column":20}},"loc":{"start":{"line":38,"column":25},"end":{"line":38,"column":48}},"line":38},"3":{"name":"(anonymous_3)","decl":{"start":{"line":46,"column":19},"end":{"line":46,"column":20}},"loc":{"start":{"line":46,"column":25},"end":{"line":46,"column":48}},"line":46},"4":{"name":"(anonymous_4)","decl":{"start":{"line":52,"column":24},"end":{"line":52,"column":25}},"loc":{"start":{"line":52,"column":30},"end":{"line":58,"column":3}},"line":52},"5":{"name":"(anonymous_5)","decl":{"start":{"line":77,"column":17},"end":{"line":77,"column":18}},"loc":{"start":{"line":77,"column":23},"end":{"line":77,"column":42}},"line":77}},"branchMap":{"0":{"loc":{"start":{"line":33,"column":4},"end":{"line":49,"column":5}},"type":"if","locations":[{"start":{"line":33,"column":4},"end":{"line":49,"column":5}},{"start":{"line":41,"column":11},"end":{"line":49,"column":5}}],"line":33},"1":{"loc":{"start":{"line":53,"column":4},"end":{"line":57,"column":5}},"type":"if","locations":[{"start":{"line":53,"column":4},"end":{"line":57,"column":5}},{"start":{"line":55,"column":11},"end":{"line":57,"column":5}}],"line":53},"2":{"loc":{"start":{"line":75,"column":19},"end":{"line":75,"column":69}},"type":"cond-expr","locations":[{"start":{"line":75,"column":35},"end":{"line":75,"column":53}},{"start":{"line":75,"column":56},"end":{"line":75,"column":69}}],"line":75}},"s":{"0":4,"1":15,"2":15,"3":15,"4":2,"5":0,"6":13,"7":0,"8":15,"9":15,"10":2,"11":13,"12":15,"13":5,"14":4},"f":{"0":15,"1":15,"2":0,"3":0,"4":15,"5":5},"b":{"0":[2,13],"1":[2,13],"2":[2,13]},"_coverageSchema":"1a1c01bbd47fc00a2c39e90264f33305004495a9","hash":"2f73d1f5b15b54c1bd370bc66b63748b3da90b5c"}
,"C:\\Projects\\shopme-ts\\src\\components\\ProductCount.tsx": {"path":"C:\\Projects\\shopme-ts\\src\\components\\ProductCount.tsx","statementMap":{"0":{"start":{"line":3,"column":21},"end":{"line":15,"column":1}},"1":{"start":{"line":4,"column":2},"end":{"line":14,"column":3}}},"fnMap":{"0":{"name":"(anonymous_0)","decl":{"start":{"line":3,"column":21},"end":{"line":3,"column":22}},"loc":{"start":{"line":3,"column":27},"end":{"line":15,"column":1}},"line":3}},"branchMap":{},"s":{"0":8,"1":0},"f":{"0":0},"b":{},"_coverageSchema":"1a1c01bbd47fc00a2c39e90264f33305004495a9","hash":"2e6d82278b98e7114950f7fba4c0feeb23b16a72"}
,"C:\\Projects\\shopme-ts\\src\\components\\Star.tsx": {"path":"C:\\Projects\\shopme-ts\\src\\components\\Star.tsx","statementMap":{"0":{"start":{"line":3,"column":13},"end":{"line":9,"column":1}},"1":{"start":{"line":4,"column":2},"end":{"line":8,"column":3}}},"fnMap":{"0":{"name":"(anonymous_0)","decl":{"start":{"line":3,"column":13},"end":{"line":3,"column":14}},"loc":{"start":{"line":3,"column":19},"end":{"line":9,"column":1}},"line":3}},"branchMap":{},"s":{"0":10,"1":52},"f":{"0":52},"b":{},"_coverageSchema":"1a1c01bbd47fc00a2c39e90264f33305004495a9","hash":"3ed59c5b141d0c62d17953e5be667d84ca2d146f"}
,"C:\\Projects\\shopme-ts\\src\\components\\Stars.tsx": {"path":"C:\\Projects\\shopme-ts\\src\\components\\Stars.tsx","statementMap":{"0":{"start":{"line":6,"column":14},"end":{"line":30,"column":1}},"1":{"start":{"line":7,"column":36},"end":{"line":7,"column":58}},"2":{"start":{"line":9,"column":24},"end":{"line":16,"column":3}},"3":{"start":{"line":10,"column":18},"end":{"line":10,"column":35}},"4":{"start":{"line":11,"column":18},"end":{"line":11,"column":20}},"5":{"start":{"line":12,"column":4},"end":{"line":14,"column":5}},"6":{"start":{"line":12,"column":17},"end":{"line":12,"column":18}},"7":{"start":{"line":13,"column":6},"end":{"line":13,"column":19}},"8":{"start":{"line":15,"column":4},"end":{"line":15,"column":16}},"9":{"start":{"line":18,"column":2},"end":{"line":21,"column":14}},"10":{"start":{"line":19,"column":23},"end":{"line":19,"column":44}},"11":{"start":{"line":20,"column":4},"end":{"line":20,"column":33}},"12":{"start":{"line":23,"column":19},"end":{"line":23,"column":63}},"13":{"start":{"line":23,"column":43},"end":{"line":23,"column":62}},"14":{"start":{"line":25,"column":2},"end":{"line":29,"column":3}},"15":{"start":{"line":34,"column":0},"end":{"line":36,"column":1}}},"fnMap":{"0":{"name":"(anonymous_0)","decl":{"start":{"line":6,"column":14},"end":{"line":6,"column":15}},"loc":{"start":{"line":6,"column":50},"end":{"line":30,"column":1}},"line":6},"1":{"name":"(anonymous_1)","decl":{"start":{"line":9,"column":24},"end":{"line":9,"column":25}},"loc":{"start":{"line":9,"column":44},"end":{"line":16,"column":3}},"line":9},"2":{"name":"(anonymous_2)","decl":{"start":{"line":18,"column":12},"end":{"line":18,"column":13}},"loc":{"start":{"line":18,"column":18},"end":{"line":21,"column":3}},"line":18},"3":{"name":"(anonymous_3)","decl":{"start":{"line":23,"column":33},"end":{"line":23,"column":34}},"loc":{"start":{"line":23,"column":43},"end":{"line":23,"column":62}},"line":23}},"branchMap":{},"s":{"0":9,"1":22,"2":22,"3":11,"4":11,"5":11,"6":11,"7":46,"8":11,"9":22,"10":11,"11":11,"12":22,"13":46,"14":22,"15":9},"f":{"0":22,"1":11,"2":11,"3":46},"b":{},"_coverageSchema":"1a1c01bbd47fc00a2c39e90264f33305004495a9","hash":"7c1d0c2932310e85b7d15ea38c38e61e86041433"}
,"C:\\Projects\\shopme-ts\\src\\constants\\status.ts": {"path":"C:\\Projects\\shopme-ts\\src\\constants\\status.ts","statementMap":{},"fnMap":{},"branchMap":{},"s":{},"f":{},"b":{}}
,"C:\\Projects\\shopme-ts\\src\\hooks\\useProductActionHook.tsx": {"path":"C:\\Projects\\shopme-ts\\src\\hooks\\useProductActionHook.tsx","statementMap":{"0":{"start":{"line":11,"column":29},"end":{"line":101,"column":1}},"1":{"start":{"line":12,"column":19},"end":{"line":12,"column":65}},"2":{"start":{"line":12,"column":50},"end":{"line":12,"column":64}},"3":{"start":{"line":13,"column":19},"end":{"line":13,"column":32}},"4":{"start":{"line":15,"column":25},"end":{"line":32,"column":3}},"5":{"start":{"line":16,"column":24},"end":{"line":16,"column":93}},"6":{"start":{"line":16,"column":58},"end":{"line":16,"column":80}},"7":{"start":{"line":17,"column":4},"end":{"line":17,"column":48}},"8":{"start":{"line":19,"column":4},"end":{"line":31,"column":5}},"9":{"start":{"line":20,"column":31},"end":{"line":29,"column":8}},"10":{"start":{"line":21,"column":8},"end":{"line":28,"column":9}},"11":{"start":{"line":22,"column":10},"end":{"line":25,"column":11}},"12":{"start":{"line":27,"column":10},"end":{"line":27,"column":24}},"13":{"start":{"line":30,"column":6},"end":{"line":30,"column":51}},"14":{"start":{"line":34,"column":21},"end":{"line":52,"column":3}},"15":{"start":{"line":35,"column":24},"end":{"line":35,"column":93}},"16":{"start":{"line":35,"column":58},"end":{"line":35,"column":80}},"17":{"start":{"line":37,"column":4},"end":{"line":37,"column":43}},"18":{"start":{"line":39,"column":4},"end":{"line":51,"column":5}},"19":{"start":{"line":40,"column":31},"end":{"line":49,"column":8}},"20":{"start":{"line":41,"column":8},"end":{"line":48,"column":9}},"21":{"start":{"line":42,"column":10},"end":{"line":45,"column":11}},"22":{"start":{"line":47,"column":10},"end":{"line":47,"column":24}},"23":{"start":{"line":50,"column":6},"end":{"line":50,"column":51}},"24":{"start":{"line":68,"column":25},"end":{"line":70,"column":3}},"25":{"start":{"line":69,"column":4},"end":{"line":69,"column":41}},"26":{"start":{"line":93,"column":2},"end":{"line":100,"column":3}}},"fnMap":{"0":{"name":"(anonymous_0)","decl":{"start":{"line":11,"column":29},"end":{"line":11,"column":30}},"loc":{"start":{"line":11,"column":35},"end":{"line":101,"column":1}},"line":11},"1":{"name":"(anonymous_1)","decl":{"start":{"line":12,"column":31},"end":{"line":12,"column":32}},"loc":{"start":{"line":12,"column":50},"end":{"line":12,"column":64}},"line":12},"2":{"name":"(anonymous_2)","decl":{"start":{"line":15,"column":25},"end":{"line":15,"column":26}},"loc":{"start":{"line":15,"column":54},"end":{"line":32,"column":3}},"line":15},"3":{"name":"(anonymous_3)","decl":{"start":{"line":16,"column":38},"end":{"line":16,"column":39}},"loc":{"start":{"line":16,"column":58},"end":{"line":16,"column":80}},"line":16},"4":{"name":"(anonymous_4)","decl":{"start":{"line":20,"column":44},"end":{"line":20,"column":45}},"loc":{"start":{"line":20,"column":67},"end":{"line":29,"column":7}},"line":20},"5":{"name":"(anonymous_5)","decl":{"start":{"line":34,"column":21},"end":{"line":34,"column":22}},"loc":{"start":{"line":34,"column":50},"end":{"line":52,"column":3}},"line":34},"6":{"name":"(anonymous_6)","decl":{"start":{"line":35,"column":38},"end":{"line":35,"column":39}},"loc":{"start":{"line":35,"column":58},"end":{"line":35,"column":80}},"line":35},"7":{"name":"(anonymous_7)","decl":{"start":{"line":40,"column":44},"end":{"line":40,"column":45}},"loc":{"start":{"line":40,"column":67},"end":{"line":49,"column":7}},"line":40},"8":{"name":"(anonymous_8)","decl":{"start":{"line":68,"column":25},"end":{"line":68,"column":26}},"loc":{"start":{"line":68,"column":57},"end":{"line":70,"column":3}},"line":68}},"branchMap":{"0":{"loc":{"start":{"line":19,"column":4},"end":{"line":31,"column":5}},"type":"if","locations":[{"start":{"line":19,"column":4},"end":{"line":31,"column":5}},{"start":{},"end":{}}],"line":19},"1":{"loc":{"start":{"line":21,"column":8},"end":{"line":28,"column":9}},"type":"if","locations":[{"start":{"line":21,"column":8},"end":{"line":28,"column":9}},{"start":{"line":26,"column":15},"end":{"line":28,"column":9}}],"line":21},"2":{"loc":{"start":{"line":39,"column":4},"end":{"line":51,"column":5}},"type":"if","locations":[{"start":{"line":39,"column":4},"end":{"line":51,"column":5}},{"start":{},"end":{}}],"line":39},"3":{"loc":{"start":{"line":41,"column":8},"end":{"line":48,"column":9}},"type":"if","locations":[{"start":{"line":41,"column":8},"end":{"line":48,"column":9}},{"start":{"line":46,"column":15},"end":{"line":48,"column":9}}],"line":41}},"s":{"0":10,"1":20,"2":20,"3":20,"4":20,"5":0,"6":0,"7":0,"8":0,"9":0,"10":0,"11":0,"12":0,"13":0,"14":20,"15":0,"16":0,"17":0,"18":0,"19":0,"20":0,"21":0,"22":0,"23":0,"24":20,"25":1,"26":20},"f":{"0":20,"1":20,"2":0,"3":0,"4":0,"5":0,"6":0,"7":0,"8":1},"b":{"0":[0,0],"1":[0,0],"2":[0,0],"3":[0,0]},"_coverageSchema":"1a1c01bbd47fc00a2c39e90264f33305004495a9","hash":"68d516b103aba0297a0b5ac5913ee66c72bb9fb1"}
,"C:\\Projects\\shopme-ts\\src\\interface\\IProduct.ts": {"path":"C:\\Projects\\shopme-ts\\src\\interface\\IProduct.ts","statementMap":{},"fnMap":{},"branchMap":{},"s":{},"f":{},"b":{}}
,"C:\\Projects\\shopme-ts\\src\\interface\\IRating.ts": {"path":"C:\\Projects\\shopme-ts\\src\\interface\\IRating.ts","statementMap":{},"fnMap":{},"branchMap":{},"s":{},"f":{},"b":{}}
,"C:\\Projects\\shopme-ts\\src\\pages\\Cart-List.tsx": {"path":"C:\\Projects\\shopme-ts\\src\\pages\\Cart-List.tsx","statementMap":{"0":{"start":{"line":12,"column":17},"end":{"line":22,"column":1}},"1":{"start":{"line":13,"column":15},"end":{"line":13,"column":57}},"2":{"start":{"line":13,"column":46},"end":{"line":13,"column":56}},"3":{"start":{"line":15,"column":19},"end":{"line":15,"column":95}},"4":{"start":{"line":15,"column":51},"end":{"line":15,"column":94}},"5":{"start":{"line":17,"column":2},"end":{"line":21,"column":3}}},"fnMap":{"0":{"name":"(anonymous_0)","decl":{"start":{"line":12,"column":17},"end":{"line":12,"column":18}},"loc":{"start":{"line":12,"column":23},"end":{"line":22,"column":1}},"line":12},"1":{"name":"(anonymous_1)","decl":{"start":{"line":13,"column":27},"end":{"line":13,"column":28}},"loc":{"start":{"line":13,"column":46},"end":{"line":13,"column":56}},"line":13},"2":{"name":"(anonymous_2)","decl":{"start":{"line":15,"column":28},"end":{"line":15,"column":29}},"loc":{"start":{"line":15,"column":51},"end":{"line":15,"column":94}},"line":15}},"branchMap":{},"s":{"0":2,"1":2,"2":2,"3":2,"4":0,"5":2},"f":{"0":2,"1":2,"2":0},"b":{},"_coverageSchema":"1a1c01bbd47fc00a2c39e90264f33305004495a9","hash":"6ae14f27a496aad3f3262f8e8c2246033153111e"}
,"C:\\Projects\\shopme-ts\\src\\pages\\Favorites-List.tsx": {"path":"C:\\Projects\\shopme-ts\\src\\pages\\Favorites-List.tsx","statementMap":{"0":{"start":{"line":11,"column":22},"end":{"line":19,"column":1}},"1":{"start":{"line":12,"column":20},"end":{"line":12,"column":67}},"2":{"start":{"line":12,"column":51},"end":{"line":12,"column":66}},"3":{"start":{"line":13,"column":24},"end":{"line":13,"column":113}},"4":{"start":{"line":13,"column":62},"end":{"line":13,"column":112}},"5":{"start":{"line":14,"column":2},"end":{"line":18,"column":3}}},"fnMap":{"0":{"name":"(anonymous_0)","decl":{"start":{"line":11,"column":22},"end":{"line":11,"column":23}},"loc":{"start":{"line":11,"column":28},"end":{"line":19,"column":1}},"line":11},"1":{"name":"(anonymous_1)","decl":{"start":{"line":12,"column":32},"end":{"line":12,"column":33}},"loc":{"start":{"line":12,"column":51},"end":{"line":12,"column":66}},"line":12},"2":{"name":"(anonymous_2)","decl":{"start":{"line":13,"column":38},"end":{"line":13,"column":39}},"loc":{"start":{"line":13,"column":62},"end":{"line":13,"column":112}},"line":13}},"branchMap":{},"s":{"0":2,"1":2,"2":2,"3":2,"4":0,"5":2},"f":{"0":2,"1":2,"2":0},"b":{},"_coverageSchema":"1a1c01bbd47fc00a2c39e90264f33305004495a9","hash":"edcd93368e9911678ee4e0777e022be156888ffa"}
,"C:\\Projects\\shopme-ts\\src\\pages\\Product-Detail.tsx": {"path":"C:\\Projects\\shopme-ts\\src\\pages\\Product-Detail.tsx","statementMap":{"0":{"start":{"line":19,"column":22},"end":{"line":64,"column":1}},"1":{"start":{"line":20,"column":24},"end":{"line":20,"column":35}},"2":{"start":{"line":21,"column":18},"end":{"line":21,"column":63}},"3":{"start":{"line":21,"column":49},"end":{"line":21,"column":62}},"4":{"start":{"line":22,"column":19},"end":{"line":22,"column":32}},"5":{"start":{"line":24,"column":2},"end":{"line":54,"column":17}},"6":{"start":{"line":25,"column":4},"end":{"line":48,"column":8}},"7":{"start":{"line":27,"column":8},"end":{"line":27,"column":48}},"8":{"start":{"line":28,"column":8},"end":{"line":36,"column":10}},"9":{"start":{"line":39,"column":8},"end":{"line":47,"column":10}},"10":{"start":{"line":56,"column":2},"end":{"line":63,"column":3}}},"fnMap":{"0":{"name":"(anonymous_0)","decl":{"start":{"line":19,"column":22},"end":{"line":19,"column":23}},"loc":{"start":{"line":19,"column":28},"end":{"line":64,"column":1}},"line":19},"1":{"name":"(anonymous_1)","decl":{"start":{"line":21,"column":30},"end":{"line":21,"column":31}},"loc":{"start":{"line":21,"column":49},"end":{"line":21,"column":62}},"line":21},"2":{"name":"(anonymous_2)","decl":{"start":{"line":24,"column":12},"end":{"line":24,"column":13}},"loc":{"start":{"line":24,"column":18},"end":{"line":54,"column":3}},"line":24},"3":{"name":"(anonymous_3)","decl":{"start":{"line":26,"column":12},"end":{"line":26,"column":13}},"loc":{"start":{"line":26,"column":31},"end":{"line":37,"column":7}},"line":26},"4":{"name":"(anonymous_4)","decl":{"start":{"line":38,"column":13},"end":{"line":38,"column":14}},"loc":{"start":{"line":38,"column":36},"end":{"line":48,"column":7}},"line":38}},"branchMap":{},"s":{"0":3,"1":6,"2":6,"3":6,"4":6,"5":6,"6":6,"7":4,"8":4,"9":2,"10":6},"f":{"0":6,"1":6,"2":6,"3":4,"4":2},"b":{},"_coverageSchema":"1a1c01bbd47fc00a2c39e90264f33305004495a9","hash":"9163f41ad98781bfd55ab5f171102be849492cfb"}
,"C:\\Projects\\shopme-ts\\src\\pages\\Product-List.tsx": {"path":"C:\\Projects\\shopme-ts\\src\\pages\\Product-List.tsx","statementMap":{"0":{"start":{"line":14,"column":20},"end":{"line":57,"column":1}},"1":{"start":{"line":15,"column":19},"end":{"line":15,"column":65}},"2":{"start":{"line":15,"column":50},"end":{"line":15,"column":64}},"3":{"start":{"line":16,"column":57},"end":{"line":16,"column":79}},"4":{"start":{"line":18,"column":2},"end":{"line":37,"column":8}},"5":{"start":{"line":19,"column":4},"end":{"line":36,"column":5}},"6":{"start":{"line":20,"column":6},"end":{"line":35,"column":10}},"7":{"start":{"line":22,"column":27},"end":{"line":22,"column":35}},"8":{"start":{"line":23,"column":35},"end":{"line":29,"column":12}},"9":{"start":{"line":24,"column":12},"end":{"line":28,"column":13}},"10":{"start":{"line":31,"column":10},"end":{"line":31,"column":42}},"11":{"start":{"line":39,"column":23},"end":{"line":46,"column":4}},"12":{"start":{"line":40,"column":4},"end":{"line":45,"column":6}},"13":{"start":{"line":43,"column":28},"end":{"line":43,"column":51}},"14":{"start":{"line":44,"column":24},"end":{"line":44,"column":43}},"15":{"start":{"line":48,"column":2},"end":{"line":56,"column":3}}},"fnMap":{"0":{"name":"(anonymous_0)","decl":{"start":{"line":14,"column":20},"end":{"line":14,"column":21}},"loc":{"start":{"line":14,"column":26},"end":{"line":57,"column":1}},"line":14},"1":{"name":"(anonymous_1)","decl":{"start":{"line":15,"column":31},"end":{"line":15,"column":32}},"loc":{"start":{"line":15,"column":50},"end":{"line":15,"column":64}},"line":15},"2":{"name":"(anonymous_2)","decl":{"start":{"line":18,"column":12},"end":{"line":18,"column":13}},"loc":{"start":{"line":18,"column":18},"end":{"line":37,"column":3}},"line":18},"3":{"name":"(anonymous_3)","decl":{"start":{"line":21,"column":14},"end":{"line":21,"column":15}},"loc":{"start":{"line":21,"column":33},"end":{"line":32,"column":9}},"line":21},"4":{"name":"(anonymous_4)","decl":{"start":{"line":23,"column":44},"end":{"line":23,"column":45}},"loc":{"start":{"line":23,"column":67},"end":{"line":29,"column":11}},"line":23},"5":{"name":"(anonymous_5)","decl":{"start":{"line":33,"column":15},"end":{"line":33,"column":16}},"loc":{"start":{"line":33,"column":31},"end":{"line":35,"column":9}},"line":33},"6":{"name":"(anonymous_6)","decl":{"start":{"line":39,"column":36},"end":{"line":39,"column":37}},"loc":{"start":{"line":40,"column":4},"end":{"line":45,"column":6}},"line":40},"7":{"name":"(anonymous_7)","decl":{"start":{"line":43,"column":22},"end":{"line":43,"column":23}},"loc":{"start":{"line":43,"column":28},"end":{"line":43,"column":51}},"line":43},"8":{"name":"(anonymous_8)","decl":{"start":{"line":44,"column":18},"end":{"line":44,"column":19}},"loc":{"start":{"line":44,"column":24},"end":{"line":44,"column":43}},"line":44}},"branchMap":{"0":{"loc":{"start":{"line":19,"column":4},"end":{"line":36,"column":5}},"type":"if","locations":[{"start":{"line":19,"column":4},"end":{"line":36,"column":5}},{"start":{},"end":{}}],"line":19}},"s":{"0":3,"1":4,"2":4,"3":4,"4":4,"5":4,"6":4,"7":1,"8":1,"9":3,"10":1,"11":4,"12":0,"13":0,"14":0,"15":4},"f":{"0":4,"1":4,"2":4,"3":1,"4":3,"5":0,"6":0,"7":0,"8":0},"b":{"0":[4,0]},"_coverageSchema":"1a1c01bbd47fc00a2c39e90264f33305004495a9","hash":"278c2331eed03d3f499aa7d88d73610e323aff45"}
,"C:\\Projects\\shopme-ts\\src\\pages\\Service-Data.tsx": {"path":"C:\\Projects\\shopme-ts\\src\\pages\\Service-Data.tsx","statementMap":{"0":{"start":{"line":4,"column":20},"end":{"line":6,"column":1}},"1":{"start":{"line":5,"column":2},"end":{"line":5,"column":76}}},"fnMap":{"0":{"name":"(anonymous_0)","decl":{"start":{"line":4,"column":20},"end":{"line":4,"column":21}},"loc":{"start":{"line":4,"column":26},"end":{"line":6,"column":1}},"line":4}},"branchMap":{},"s":{"0":0,"1":0},"f":{"0":0},"b":{}}
,"C:\\Projects\\shopme-ts\\src\\redux\\store.ts": {"path":"C:\\Projects\\shopme-ts\\src\\redux\\store.ts","statementMap":{"0":{"start":{"line":4,"column":32},"end":{"line":4,"column":94}},"1":{"start":{"line":6,"column":14},"end":{"line":14,"column":1}}},"fnMap":{},"branchMap":{"0":{"loc":{"start":{"line":4,"column":32},"end":{"line":4,"column":94}},"type":"binary-expr","locations":[{"start":{"line":4,"column":32},"end":{"line":4,"column":38}},{"start":{"line":4,"column":42},"end":{"line":4,"column":94}}],"line":4},"1":{"loc":{"start":{"line":9,"column":2},"end":{"line":13,"column":11}},"type":"binary-expr","locations":[{"start":{"line":9,"column":3},"end":{"line":9,"column":9}},{"start":{"line":10,"column":4},"end":{"line":10,"column":56}},{"start":{"line":11,"column":4},"end":{"line":11,"column":10}},{"start":{"line":12,"column":4},"end":{"line":12,"column":58}},{"start":{"line":13,"column":4},"end":{"line":13,"column":11}}],"line":9}},"s":{"0":0,"1":0},"f":{},"b":{"0":[0,0],"1":[0,0,0,0,0]}}
,"C:\\Projects\\shopme-ts\\src\\redux\\actions\\cartAction.ts": {"path":"C:\\Projects\\shopme-ts\\src\\redux\\actions\\cartAction.ts","statementMap":{"0":{"start":{"line":4,"column":26},"end":{"line":9,"column":1}},"1":{"start":{"line":5,"column":2},"end":{"line":8,"column":3}}},"fnMap":{"0":{"name":"(anonymous_0)","decl":{"start":{"line":4,"column":26},"end":{"line":4,"column":27}},"loc":{"start":{"line":4,"column":49},"end":{"line":9,"column":1}},"line":4}},"branchMap":{},"s":{"0":11,"1":1},"f":{"0":1},"b":{},"_coverageSchema":"1a1c01bbd47fc00a2c39e90264f33305004495a9","hash":"655aa9f594246e205d85bdd3478139b5e65f80a0"}
,"C:\\Projects\\shopme-ts\\src\\redux\\actions\\favoriteProductsAction.ts": {"path":"C:\\Projects\\shopme-ts\\src\\redux\\actions\\favoriteProductsAction.ts","statementMap":{"0":{"start":{"line":4,"column":37},"end":{"line":9,"column":1}},"1":{"start":{"line":5,"column":2},"end":{"line":8,"column":3}}},"fnMap":{"0":{"name":"(anonymous_0)","decl":{"start":{"line":4,"column":37},"end":{"line":4,"column":38}},"loc":{"start":{"line":4,"column":60},"end":{"line":9,"column":1}},"line":4}},"branchMap":{},"s":{"0":11,"1":1},"f":{"0":1},"b":{},"_coverageSchema":"1a1c01bbd47fc00a2c39e90264f33305004495a9","hash":"59c51d8a96327fae77a4c839ba3eaf98e68f04ed"}
,"C:\\Projects\\shopme-ts\\src\\redux\\actions\\productAction.ts": {"path":"C:\\Projects\\shopme-ts\\src\\redux\\actions\\productAction.ts","statementMap":{"0":{"start":{"line":4,"column":27},"end":{"line":9,"column":1}},"1":{"start":{"line":5,"column":2},"end":{"line":8,"column":3}},"2":{"start":{"line":11,"column":31},"end":{"line":16,"column":1}},"3":{"start":{"line":12,"column":2},"end":{"line":15,"column":3}},"4":{"start":{"line":18,"column":36},"end":{"line":22,"column":1}},"5":{"start":{"line":19,"column":2},"end":{"line":21,"column":3}}},"fnMap":{"0":{"name":"(anonymous_0)","decl":{"start":{"line":4,"column":27},"end":{"line":4,"column":28}},"loc":{"start":{"line":4,"column":53},"end":{"line":9,"column":1}},"line":4},"1":{"name":"(anonymous_1)","decl":{"start":{"line":11,"column":31},"end":{"line":11,"column":32}},"loc":{"start":{"line":11,"column":54},"end":{"line":16,"column":1}},"line":11},"2":{"name":"(anonymous_2)","decl":{"start":{"line":18,"column":36},"end":{"line":18,"column":37}},"loc":{"start":{"line":18,"column":42},"end":{"line":22,"column":1}},"line":18}},"branchMap":{},"s":{"0":10,"1":1,"2":10,"3":4,"4":10,"5":0},"f":{"0":1,"1":4,"2":0},"b":{},"_coverageSchema":"1a1c01bbd47fc00a2c39e90264f33305004495a9","hash":"01a469f251877b4f988368005b8eedb96b947b7e"}
,"C:\\Projects\\shopme-ts\\src\\redux\\actions\\resetStoreAction.ts": {"path":"C:\\Projects\\shopme-ts\\src\\redux\\actions\\resetStoreAction.ts","statementMap":{"0":{"start":{"line":3,"column":32},"end":{"line":7,"column":1}},"1":{"start":{"line":4,"column":2},"end":{"line":6,"column":3}}},"fnMap":{"0":{"name":"(anonymous_0)","decl":{"start":{"line":3,"column":32},"end":{"line":3,"column":33}},"loc":{"start":{"line":3,"column":38},"end":{"line":7,"column":1}},"line":3}},"branchMap":{},"s":{"0":0,"1":0},"f":{"0":0},"b":{}}
,"C:\\Projects\\shopme-ts\\src\\redux\\constants\\action-types.ts": {"path":"C:\\Projects\\shopme-ts\\src\\redux\\constants\\action-types.ts","statementMap":{"0":{"start":{"line":1,"column":20},"end":{"line":11,"column":1}}},"fnMap":{},"branchMap":{},"s":{"0":12},"f":{},"b":{},"_coverageSchema":"1a1c01bbd47fc00a2c39e90264f33305004495a9","hash":"6fb1096daf9258761fb05dc14020b3c9871fe8e3"}
,"C:\\Projects\\shopme-ts\\src\\redux\\reducers\\cartReducer.ts": {"path":"C:\\Projects\\shopme-ts\\src\\redux\\reducers\\cartReducer.ts","statementMap":{"0":{"start":{"line":4,"column":20},"end":{"line":6,"column":1}},"1":{"start":{"line":5,"column":2},"end":{"line":5,"column":32}},"2":{"start":{"line":8,"column":19},"end":{"line":15,"column":1}},"3":{"start":{"line":9,"column":14},"end":{"line":9,"column":77}},"4":{"start":{"line":9,"column":54},"end":{"line":9,"column":76}},"5":{"start":{"line":10,"column":2},"end":{"line":14,"column":3}},"6":{"start":{"line":11,"column":4},"end":{"line":11,"column":77}},"7":{"start":{"line":11,"column":51},"end":{"line":11,"column":76}},"8":{"start":{"line":13,"column":4},"end":{"line":13,"column":34}},"9":{"start":{"line":17,"column":27},"end":{"line":24,"column":1}},"10":{"start":{"line":18,"column":2},"end":{"line":23,"column":3}},"11":{"start":{"line":20,"column":6},"end":{"line":20,"column":90}},"12":{"start":{"line":22,"column":6},"end":{"line":22,"column":18}}},"fnMap":{"0":{"name":"(anonymous_0)","decl":{"start":{"line":4,"column":20},"end":{"line":4,"column":21}},"loc":{"start":{"line":4,"column":66},"end":{"line":6,"column":1}},"line":4},"1":{"name":"(anonymous_1)","decl":{"start":{"line":8,"column":19},"end":{"line":8,"column":20}},"loc":{"start":{"line":8,"column":65},"end":{"line":15,"column":1}},"line":8},"2":{"name":"(anonymous_2)","decl":{"start":{"line":9,"column":34},"end":{"line":9,"column":35}},"loc":{"start":{"line":9,"column":54},"end":{"line":9,"column":76}},"line":9},"3":{"name":"(anonymous_3)","decl":{"start":{"line":11,"column":28},"end":{"line":11,"column":29}},"loc":{"start":{"line":11,"column":51},"end":{"line":11,"column":76}},"line":11},"4":{"name":"(anonymous_4)","decl":{"start":{"line":17,"column":27},"end":{"line":17,"column":28}},"loc":{"start":{"line":17,"column":99},"end":{"line":24,"column":1}},"line":17}},"branchMap":{"0":{"loc":{"start":{"line":10,"column":2},"end":{"line":14,"column":3}},"type":"if","locations":[{"start":{"line":10,"column":2},"end":{"line":14,"column":3}},{"start":{"line":12,"column":9},"end":{"line":14,"column":3}}],"line":10},"1":{"loc":{"start":{"line":17,"column":28},"end":{"line":17,"column":38}},"type":"default-arg","locations":[{"start":{"line":17,"column":36},"end":{"line":17,"column":38}}],"line":17},"2":{"loc":{"start":{"line":18,"column":2},"end":{"line":23,"column":3}},"type":"switch","locations":[{"start":{"line":19,"column":4},"end":{"line":20,"column":90}},{"start":{"line":21,"column":4},"end":{"line":22,"column":18}}],"line":18},"3":{"loc":{"start":{"line":20,"column":13},"end":{"line":20,"column":90}},"type":"cond-expr","locations":[{"start":{"line":20,"column":34},"end":{"line":20,"column":61}},{"start":{"line":20,"column":64},"end":{"line":20,"column":90}}],"line":20}},"s":{"0":2,"1":1,"2":2,"3":0,"4":0,"5":0,"6":0,"7":0,"8":0,"9":2,"10":32,"11":1,"12":31},"f":{"0":1,"1":0,"2":0,"3":0,"4":32},"b":{"0":[0,0],"1":[30],"2":[1,31],"3":[1,0]},"_coverageSchema":"1a1c01bbd47fc00a2c39e90264f33305004495a9","hash":"d91c85b585a9b44e78b4190701bd6e20d40af194"}
,"C:\\Projects\\shopme-ts\\src\\redux\\reducers\\favoriteProductReducer.ts": {"path":"C:\\Projects\\shopme-ts\\src\\redux\\reducers\\favoriteProductReducer.ts","statementMap":{"0":{"start":{"line":4,"column":20},"end":{"line":6,"column":1}},"1":{"start":{"line":5,"column":2},"end":{"line":5,"column":32}},"2":{"start":{"line":8,"column":17},"end":{"line":15,"column":1}},"3":{"start":{"line":9,"column":14},"end":{"line":9,"column":85}},"4":{"start":{"line":9,"column":58},"end":{"line":9,"column":84}},"5":{"start":{"line":10,"column":2},"end":{"line":14,"column":3}},"6":{"start":{"line":11,"column":4},"end":{"line":11,"column":79}},"7":{"start":{"line":11,"column":52},"end":{"line":11,"column":78}},"8":{"start":{"line":13,"column":4},"end":{"line":13,"column":34}},"9":{"start":{"line":17,"column":37},"end":{"line":24,"column":1}},"10":{"start":{"line":18,"column":2},"end":{"line":23,"column":3}},"11":{"start":{"line":20,"column":6},"end":{"line":20,"column":88}},"12":{"start":{"line":22,"column":6},"end":{"line":22,"column":18}}},"fnMap":{"0":{"name":"(anonymous_0)","decl":{"start":{"line":4,"column":20},"end":{"line":4,"column":21}},"loc":{"start":{"line":4,"column":66},"end":{"line":6,"column":1}},"line":4},"1":{"name":"(anonymous_1)","decl":{"start":{"line":8,"column":17},"end":{"line":8,"column":18}},"loc":{"start":{"line":8,"column":63},"end":{"line":15,"column":1}},"line":8},"2":{"name":"(anonymous_2)","decl":{"start":{"line":9,"column":34},"end":{"line":9,"column":35}},"loc":{"start":{"line":9,"column":58},"end":{"line":9,"column":84}},"line":9},"3":{"name":"(anonymous_3)","decl":{"start":{"line":11,"column":28},"end":{"line":11,"column":29}},"loc":{"start":{"line":11,"column":52},"end":{"line":11,"column":78}},"line":11},"4":{"name":"(anonymous_4)","decl":{"start":{"line":17,"column":37},"end":{"line":17,"column":38}},"loc":{"start":{"line":17,"column":109},"end":{"line":24,"column":1}},"line":17}},"branchMap":{"0":{"loc":{"start":{"line":10,"column":2},"end":{"line":14,"column":3}},"type":"if","locations":[{"start":{"line":10,"column":2},"end":{"line":14,"column":3}},{"start":{"line":12,"column":9},"end":{"line":14,"column":3}}],"line":10},"1":{"loc":{"start":{"line":17,"column":38},"end":{"line":17,"column":48}},"type":"default-arg","locations":[{"start":{"line":17,"column":46},"end":{"line":17,"column":48}}],"line":17},"2":{"loc":{"start":{"line":18,"column":2},"end":{"line":23,"column":3}},"type":"switch","locations":[{"start":{"line":19,"column":4},"end":{"line":20,"column":88}},{"start":{"line":21,"column":4},"end":{"line":22,"column":18}}],"line":18},"3":{"loc":{"start":{"line":20,"column":13},"end":{"line":20,"column":88}},"type":"cond-expr","locations":[{"start":{"line":20,"column":34},"end":{"line":20,"column":61}},{"start":{"line":20,"column":64},"end":{"line":20,"column":88}}],"line":20}},"s":{"0":2,"1":1,"2":2,"3":0,"4":0,"5":0,"6":0,"7":0,"8":0,"9":2,"10":32,"11":1,"12":31},"f":{"0":1,"1":0,"2":0,"3":0,"4":32},"b":{"0":[0,0],"1":[30],"2":[1,31],"3":[1,0]},"_coverageSchema":"1a1c01bbd47fc00a2c39e90264f33305004495a9","hash":"29e78185d0654a3aace122c73d9734a0c149cc71"}
,"C:\\Projects\\shopme-ts\\src\\redux\\reducers\\index.ts": {"path":"C:\\Projects\\shopme-ts\\src\\redux\\reducers\\index.ts","statementMap":{"0":{"start":{"line":9,"column":17},"end":{"line":14,"column":2}},"1":{"start":{"line":16,"column":19},"end":{"line":22,"column":2}},"2":{"start":{"line":24,"column":20},"end":{"line":30,"column":1}},"3":{"start":{"line":25,"column":2},"end":{"line":27,"column":3}},"4":{"start":{"line":26,"column":4},"end":{"line":26,"column":40}},"5":{"start":{"line":29,"column":2},"end":{"line":29,"column":34}}},"fnMap":{"0":{"name":"(anonymous_0)","decl":{"start":{"line":24,"column":20},"end":{"line":24,"column":21}},"loc":{"start":{"line":24,"column":49},"end":{"line":30,"column":1}},"line":24}},"branchMap":{"0":{"loc":{"start":{"line":25,"column":2},"end":{"line":27,"column":3}},"type":"if","locations":[{"start":{"line":25,"column":2},"end":{"line":27,"column":3}},{"start":{},"end":{}}],"line":25}},"s":{"0":0,"1":0,"2":0,"3":0,"4":0,"5":0},"f":{"0":0},"b":{"0":[0,0]}}
,"C:\\Projects\\shopme-ts\\src\\redux\\reducers\\productReducer.ts": {"path":"C:\\Projects\\shopme-ts\\src\\redux\\reducers\\productReducer.ts","statementMap":{"0":{"start":{"line":4,"column":30},"end":{"line":11,"column":1}},"1":{"start":{"line":5,"column":2},"end":{"line":10,"column":3}},"2":{"start":{"line":7,"column":6},"end":{"line":7,"column":25}},"3":{"start":{"line":9,"column":6},"end":{"line":9,"column":18}},"4":{"start":{"line":13,"column":38},"end":{"line":22,"column":1}},"5":{"start":{"line":14,"column":2},"end":{"line":21,"column":3}},"6":{"start":{"line":16,"column":6},"end":{"line":16,"column":37}},"7":{"start":{"line":18,"column":6},"end":{"line":18,"column":15}},"8":{"start":{"line":20,"column":6},"end":{"line":20,"column":18}}},"fnMap":{"0":{"name":"(anonymous_0)","decl":{"start":{"line":4,"column":30},"end":{"line":4,"column":31}},"loc":{"start":{"line":4,"column":104},"end":{"line":11,"column":1}},"line":4},"1":{"name":"(anonymous_1)","decl":{"start":{"line":13,"column":38},"end":{"line":13,"column":39}},"loc":{"start":{"line":13,"column":112},"end":{"line":22,"column":1}},"line":13}},"branchMap":{"0":{"loc":{"start":{"line":4,"column":31},"end":{"line":4,"column":41}},"type":"default-arg","locations":[{"start":{"line":4,"column":39},"end":{"line":4,"column":41}}],"line":4},"1":{"loc":{"start":{"line":5,"column":2},"end":{"line":10,"column":3}},"type":"switch","locations":[{"start":{"line":6,"column":4},"end":{"line":7,"column":25}},{"start":{"line":8,"column":4},"end":{"line":9,"column":18}}],"line":5},"2":{"loc":{"start":{"line":13,"column":39},"end":{"line":13,"column":49}},"type":"default-arg","locations":[{"start":{"line":13,"column":47},"end":{"line":13,"column":49}}],"line":13},"3":{"loc":{"start":{"line":14,"column":2},"end":{"line":21,"column":3}},"type":"switch","locations":[{"start":{"line":15,"column":4},"end":{"line":16,"column":37}},{"start":{"line":17,"column":4},"end":{"line":18,"column":15}},{"start":{"line":19,"column":4},"end":{"line":20,"column":18}}],"line":14}},"s":{"0":2,"1":32,"2":0,"3":32,"4":2,"5":32,"6":0,"7":0,"8":32},"f":{"0":32,"1":32},"b":{"0":[30],"1":[0,32],"2":[30],"3":[0,0,32]},"_coverageSchema":"1a1c01bbd47fc00a2c39e90264f33305004495a9","hash":"4995a524463d41d5a17afbfec8e47541c3147379"}
,"C:\\Projects\\shopme-ts\\src\\service\\Inline-Error.tsx": {"path":"C:\\Projects\\shopme-ts\\src\\service\\Inline-Error.tsx","statementMap":{"0":{"start":{"line":8,"column":20},"end":{"line":11,"column":1}},"1":{"start":{"line":9,"column":31},"end":{"line":9,"column":36}},"2":{"start":{"line":10,"column":2},"end":{"line":10,"column":30}},"3":{"start":{"line":15,"column":0},"end":{"line":17,"column":1}}},"fnMap":{"0":{"name":"(anonymous_0)","decl":{"start":{"line":8,"column":20},"end":{"line":8,"column":21}},"loc":{"start":{"line":8,"column":46},"end":{"line":11,"column":1}},"line":8}},"branchMap":{},"s":{"0":0,"1":0,"2":0,"3":0},"f":{"0":0},"b":{}}
,"C:\\Projects\\shopme-ts\\src\\service\\Inline-loading.tsx": {"path":"C:\\Projects\\shopme-ts\\src\\service\\Inline-loading.tsx","statementMap":{"0":{"start":{"line":8,"column":22},"end":{"line":11,"column":1}},"1":{"start":{"line":9,"column":33},"end":{"line":9,"column":38}},"2":{"start":{"line":10,"column":2},"end":{"line":10,"column":32}},"3":{"start":{"line":15,"column":0},"end":{"line":17,"column":1}}},"fnMap":{"0":{"name":"(anonymous_0)","decl":{"start":{"line":8,"column":22},"end":{"line":8,"column":23}},"loc":{"start":{"line":8,"column":49},"end":{"line":11,"column":1}},"line":8}},"branchMap":{},"s":{"0":0,"1":0,"2":0,"3":0},"f":{"0":0},"b":{}}
,"C:\\Projects\\shopme-ts\\src\\service\\data-loader.tsx": {"path":"C:\\Projects\\shopme-ts\\src\\service\\data-loader.tsx","statementMap":{"0":{"start":{"line":14,"column":39},"end":{"line":41,"column":1}},"1":{"start":{"line":15,"column":18},"end":{"line":15,"column":23}},"2":{"start":{"line":16,"column":22},"end":{"line":27,"column":3}},"3":{"start":{"line":17,"column":4},"end":{"line":26,"column":6}},"4":{"start":{"line":19,"column":6},"end":{"line":25,"column":10}},"5":{"start":{"line":21,"column":10},"end":{"line":21,"column":27}},"6":{"start":{"line":24,"column":10},"end":{"line":24,"column":23}},"7":{"start":{"line":29,"column":2},"end":{"line":38,"column":4}},"8":{"start":{"line":30,"column":4},"end":{"line":37,"column":8}},"9":{"start":{"line":32,"column":25},"end":{"line":32,"column":33}},"10":{"start":{"line":33,"column":8},"end":{"line":33,"column":25}},"11":{"start":{"line":36,"column":8},"end":{"line":36,"column":26}},"12":{"start":{"line":40,"column":2},"end":{"line":40,"column":32}},"13":{"start":{"line":45,"column":0},"end":{"line":50,"column":1}}},"fnMap":{"0":{"name":"(anonymous_0)","decl":{"start":{"line":14,"column":39},"end":{"line":14,"column":40}},"loc":{"start":{"line":14,"column":60},"end":{"line":41,"column":1}},"line":14},"1":{"name":"(anonymous_1)","decl":{"start":{"line":16,"column":22},"end":{"line":16,"column":23}},"loc":{"start":{"line":16,"column":28},"end":{"line":27,"column":3}},"line":16},"2":{"name":"(anonymous_2)","decl":{"start":{"line":17,"column":23},"end":{"line":17,"column":24}},"loc":{"start":{"line":17,"column":44},"end":{"line":26,"column":5}},"line":17},"3":{"name":"(anonymous_3)","decl":{"start":{"line":20,"column":14},"end":{"line":20,"column":15}},"loc":{"start":{"line":20,"column":33},"end":{"line":22,"column":9}},"line":20},"4":{"name":"(anonymous_4)","decl":{"start":{"line":23,"column":15},"end":{"line":23,"column":16}},"loc":{"start":{"line":23,"column":31},"end":{"line":25,"column":9}},"line":23},"5":{"name":"(anonymous_5)","decl":{"start":{"line":29,"column":12},"end":{"line":29,"column":13}},"loc":{"start":{"line":29,"column":18},"end":{"line":38,"column":3}},"line":29},"6":{"name":"(anonymous_6)","decl":{"start":{"line":31,"column":12},"end":{"line":31,"column":13}},"loc":{"start":{"line":31,"column":31},"end":{"line":34,"column":7}},"line":31},"7":{"name":"(anonymous_7)","decl":{"start":{"line":35,"column":13},"end":{"line":35,"column":14}},"loc":{"start":{"line":35,"column":29},"end":{"line":37,"column":7}},"line":35}},"branchMap":{},"s":{"0":0,"1":0,"2":0,"3":0,"4":0,"5":0,"6":0,"7":0,"8":0,"9":0,"10":0,"11":0,"12":0,"13":0},"f":{"0":0,"1":0,"2":0,"3":0,"4":0,"5":0,"6":0,"7":0},"b":{}}
,"C:\\Projects\\shopme-ts\\src\\types\\Product-Props.ts": {"path":"C:\\Projects\\shopme-ts\\src\\types\\Product-Props.ts","statementMap":{},"fnMap":{},"branchMap":{},"s":{},"f":{},"b":{}}
,"C:\\Projects\\shopme-ts\\src\\types\\Product.ts": {"path":"C:\\Projects\\shopme-ts\\src\\types\\Product.ts","statementMap":{},"fnMap":{},"branchMap":{},"s":{},"f":{},"b":{}}
,"C:\\Projects\\shopme-ts\\src\\types\\Products.ts": {"path":"C:\\Projects\\shopme-ts\\src\\types\\Products.ts","statementMap":{"0":{"start":{"line":3,"column":36},"end":{"line":3,"column":38}}},"fnMap":{},"branchMap":{},"s":{"0":0},"f":{},"b":{}}
,"C:\\Projects\\shopme-ts\\src\\types\\Rating.ts": {"path":"C:\\Projects\\shopme-ts\\src\\types\\Rating.ts","statementMap":{},"fnMap":{},"branchMap":{},"s":{},"f":{},"b":{}}
,"C:\\Projects\\shopme-ts\\src\\types\\Store.ts": {"path":"C:\\Projects\\shopme-ts\\src\\types\\Store.ts","statementMap":{},"fnMap":{},"branchMap":{},"s":{},"f":{},"b":{}}
,"C:\\Projects\\shopme-ts\\src\\types\\environment-vars.ts": {"path":"C:\\Projects\\shopme-ts\\src\\types\\environment-vars.ts","statementMap":{},"fnMap":{},"branchMap":{},"s":{},"f":{},"b":{}}
,"C:\\Projects\\shopme-ts\\src\\utils\\axios-rest-client.ts": {"path":"C:\\Projects\\shopme-ts\\src\\utils\\axios-rest-client.ts","statementMap":{"0":{"start":{"line":5,"column":24},"end":{"line":13,"column":1}},"1":{"start":{"line":6,"column":2},"end":{"line":12,"column":3}},"2":{"start":{"line":7,"column":21},"end":{"line":7,"column":46}},"3":{"start":{"line":8,"column":4},"end":{"line":8,"column":19}},"4":{"start":{"line":10,"column":21},"end":{"line":10,"column":40}},"5":{"start":{"line":11,"column":4},"end":{"line":11,"column":49}}},"fnMap":{"0":{"name":"(anonymous_0)","decl":{"start":{"line":5,"column":24},"end":{"line":5,"column":25}},"loc":{"start":{"line":5,"column":47},"end":{"line":13,"column":1}},"line":5}},"branchMap":{},"s":{"0":8,"1":31,"2":31,"3":6,"4":22,"5":22},"f":{"0":31},"b":{},"_coverageSchema":"1a1c01bbd47fc00a2c39e90264f33305004495a9","hash":"5d6e60ebffb5ad8987c2a62bc7fa07cfea5c383c"}
,"C:\\Projects\\shopme-ts\\src\\utils\\error-handler.ts": {"path":"C:\\Projects\\shopme-ts\\src\\utils\\error-handler.ts","statementMap":{"0":{"start":{"line":5,"column":4},"end":{"line":5,"column":18}},"1":{"start":{"line":6,"column":4},"end":{"line":6,"column":21}},"2":{"start":{"line":7,"column":4},"end":{"line":7,"column":26}},"3":{"start":{"line":15,"column":4},"end":{"line":15,"column":18}},"4":{"start":{"line":16,"column":4},"end":{"line":16,"column":21}},"5":{"start":{"line":17,"column":4},"end":{"line":17,"column":26}},"6":{"start":{"line":25,"column":4},"end":{"line":25,"column":18}},"7":{"start":{"line":26,"column":4},"end":{"line":26,"column":21}},"8":{"start":{"line":27,"column":4},"end":{"line":27,"column":26}},"9":{"start":{"line":35,"column":4},"end":{"line":35,"column":18}},"10":{"start":{"line":36,"column":4},"end":{"line":36,"column":21}},"11":{"start":{"line":37,"column":4},"end":{"line":37,"column":26}},"12":{"start":{"line":45,"column":4},"end":{"line":45,"column":18}},"13":{"start":{"line":46,"column":4},"end":{"line":46,"column":21}},"14":{"start":{"line":47,"column":4},"end":{"line":47,"column":26}},"15":{"start":{"line":55,"column":4},"end":{"line":55,"column":18}},"16":{"start":{"line":56,"column":4},"end":{"line":56,"column":21}},"17":{"start":{"line":57,"column":4},"end":{"line":57,"column":26}}},"fnMap":{"0":{"name":"(anonymous_0)","decl":{"start":{"line":4,"column":2},"end":{"line":4,"column":3}},"loc":{"start":{"line":4,"column":31},"end":{"line":8,"column":3}},"line":4},"1":{"name":"(anonymous_1)","decl":{"start":{"line":14,"column":2},"end":{"line":14,"column":3}},"loc":{"start":{"line":14,"column":31},"end":{"line":18,"column":3}},"line":14},"2":{"name":"(anonymous_2)","decl":{"start":{"line":24,"column":2},"end":{"line":24,"column":3}},"loc":{"start":{"line":24,"column":31},"end":{"line":28,"column":3}},"line":24},"3":{"name":"(anonymous_3)","decl":{"start":{"line":34,"column":2},"end":{"line":34,"column":3}},"loc":{"start":{"line":34,"column":31},"end":{"line":38,"column":3}},"line":34},"4":{"name":"(anonymous_4)","decl":{"start":{"line":44,"column":2},"end":{"line":44,"column":3}},"loc":{"start":{"line":44,"column":31},"end":{"line":48,"column":3}},"line":44},"5":{"name":"(anonymous_5)","decl":{"start":{"line":54,"column":2},"end":{"line":54,"column":3}},"loc":{"start":{"line":54,"column":31},"end":{"line":58,"column":3}},"line":54}},"branchMap":{},"s":{"0":21,"1":21,"2":21,"3":9,"4":9,"5":9,"6":9,"7":9,"8":9,"9":16,"10":16,"11":16,"12":9,"13":9,"14":9,"15":9,"16":9,"17":9},"f":{"0":21,"1":9,"2":9,"3":16,"4":9,"5":9},"b":{},"_coverageSchema":"1a1c01bbd47fc00a2c39e90264f33305004495a9","hash":"df880148c945b9a6e2d202eee93dfdb2ac1d1146"}
,"C:\\Projects\\shopme-ts\\src\\utils\\fetch-client.ts": {"path":"C:\\Projects\\shopme-ts\\src\\utils\\fetch-client.ts","statementMap":{"0":{"start":{"line":10,"column":24},"end":{"line":19,"column":1}},"1":{"start":{"line":12,"column":19},"end":{"line":12,"column":35}},"2":{"start":{"line":14,"column":2},"end":{"line":17,"column":3}},"3":{"start":{"line":16,"column":4},"end":{"line":16,"column":43}},"4":{"start":{"line":18,"column":2},"end":{"line":18,"column":24}},"5":{"start":{"line":21,"column":26},"end":{"line":35,"column":1}},"6":{"start":{"line":22,"column":2},"end":{"line":34,"column":3}},"7":{"start":{"line":23,"column":4},"end":{"line":23,"column":46}},"8":{"start":{"line":24,"column":9},"end":{"line":34,"column":3}},"9":{"start":{"line":25,"column":4},"end":{"line":25,"column":57}},"10":{"start":{"line":26,"column":9},"end":{"line":34,"column":3}},"11":{"start":{"line":27,"column":4},"end":{"line":27,"column":49}},"12":{"start":{"line":28,"column":9},"end":{"line":34,"column":3}},"13":{"start":{"line":29,"column":4},"end":{"line":29,"column":57}},"14":{"start":{"line":30,"column":9},"end":{"line":34,"column":3}},"15":{"start":{"line":31,"column":4},"end":{"line":31,"column":58}},"16":{"start":{"line":32,"column":9},"end":{"line":34,"column":3}},"17":{"start":{"line":33,"column":4},"end":{"line":33,"column":70}}},"fnMap":{"0":{"name":"(anonymous_0)","decl":{"start":{"line":10,"column":24},"end":{"line":10,"column":25}},"loc":{"start":{"line":10,"column":60},"end":{"line":19,"column":1}},"line":10},"1":{"name":"(anonymous_1)","decl":{"start":{"line":21,"column":26},"end":{"line":21,"column":27}},"loc":{"start":{"line":21,"column":62},"end":{"line":35,"column":1}},"line":21}},"branchMap":{"0":{"loc":{"start":{"line":14,"column":2},"end":{"line":17,"column":3}},"type":"if","locations":[{"start":{"line":14,"column":2},"end":{"line":17,"column":3}},{"start":{},"end":{}}],"line":14},"1":{"loc":{"start":{"line":22,"column":2},"end":{"line":34,"column":3}},"type":"if","locations":[{"start":{"line":22,"column":2},"end":{"line":34,"column":3}},{"start":{"line":24,"column":9},"end":{"line":34,"column":3}}],"line":22},"2":{"loc":{"start":{"line":24,"column":9},"end":{"line":34,"column":3}},"type":"if","locations":[{"start":{"line":24,"column":9},"end":{"line":34,"column":3}},{"start":{"line":26,"column":9},"end":{"line":34,"column":3}}],"line":24},"3":{"loc":{"start":{"line":26,"column":9},"end":{"line":34,"column":3}},"type":"if","locations":[{"start":{"line":26,"column":9},"end":{"line":34,"column":3}},{"start":{"line":28,"column":9},"end":{"line":34,"column":3}}],"line":26},"4":{"loc":{"start":{"line":28,"column":9},"end":{"line":34,"column":3}},"type":"if","locations":[{"start":{"line":28,"column":9},"end":{"line":34,"column":3}},{"start":{"line":30,"column":9},"end":{"line":34,"column":3}}],"line":28},"5":{"loc":{"start":{"line":30,"column":9},"end":{"line":34,"column":3}},"type":"if","locations":[{"start":{"line":30,"column":9},"end":{"line":34,"column":3}},{"start":{"line":32,"column":9},"end":{"line":34,"column":3}}],"line":30},"6":{"loc":{"start":{"line":32,"column":9},"end":{"line":34,"column":3}},"type":"if","locations":[{"start":{"line":32,"column":9},"end":{"line":34,"column":3}},{"start":{},"end":{}}],"line":32}},"s":{"0":0,"1":0,"2":0,"3":0,"4":0,"5":0,"6":0,"7":0,"8":0,"9":0,"10":0,"11":0,"12":0,"13":0,"14":0,"15":0,"16":0,"17":0},"f":{"0":0,"1":0},"b":{"0":[0,0],"1":[0,0],"2":[0,0],"3":[0,0],"4":[0,0],"5":[0,0],"6":[0,0]}}
,"C:\\Projects\\shopme-ts\\src\\utils\\get-api-url.ts": {"path":"C:\\Projects\\shopme-ts\\src\\utils\\get-api-url.ts","statementMap":{"0":{"start":{"line":1,"column":25},"end":{"line":11,"column":1}},"1":{"start":{"line":2,"column":14},"end":{"line":2,"column":39}},"2":{"start":{"line":4,"column":2},"end":{"line":6,"column":3}},"3":{"start":{"line":5,"column":4},"end":{"line":5,"column":26}},"4":{"start":{"line":7,"column":2},"end":{"line":9,"column":3}},"5":{"start":{"line":8,"column":4},"end":{"line":8,"column":27}},"6":{"start":{"line":10,"column":2},"end":{"line":10,"column":12}},"7":{"start":{"line":13,"column":18},"end":{"line":19,"column":1}},"8":{"start":{"line":14,"column":17},"end":{"line":14,"column":26}},"9":{"start":{"line":15,"column":2},"end":{"line":15,"column":44}},"10":{"start":{"line":16,"column":2},"end":{"line":16,"column":53}},"11":{"start":{"line":17,"column":14},"end":{"line":17,"column":69}},"12":{"start":{"line":18,"column":2},"end":{"line":18,"column":12}},"13":{"start":{"line":21,"column":19},"end":{"line":27,"column":1}},"14":{"start":{"line":22,"column":17},"end":{"line":22,"column":26}},"15":{"start":{"line":23,"column":2},"end":{"line":23,"column":37}},"16":{"start":{"line":24,"column":2},"end":{"line":24,"column":43}},"17":{"start":{"line":25,"column":14},"end":{"line":25,"column":69}},"18":{"start":{"line":26,"column":2},"end":{"line":26,"column":12}}},"fnMap":{"0":{"name":"(anonymous_0)","decl":{"start":{"line":1,"column":25},"end":{"line":1,"column":26}},"loc":{"start":{"line":1,"column":44},"end":{"line":11,"column":1}},"line":1},"1":{"name":"(anonymous_1)","decl":{"start":{"line":13,"column":18},"end":{"line":13,"column":19}},"loc":{"start":{"line":13,"column":37},"end":{"line":19,"column":1}},"line":13},"2":{"name":"(anonymous_2)","decl":{"start":{"line":21,"column":19},"end":{"line":21,"column":20}},"loc":{"start":{"line":21,"column":38},"end":{"line":27,"column":1}},"line":21}},"branchMap":{"0":{"loc":{"start":{"line":4,"column":2},"end":{"line":6,"column":3}},"type":"if","locations":[{"start":{"line":4,"column":2},"end":{"line":6,"column":3}},{"start":{},"end":{}}],"line":4},"1":{"loc":{"start":{"line":7,"column":2},"end":{"line":9,"column":3}},"type":"if","locations":[{"start":{"line":7,"column":2},"end":{"line":9,"column":3}},{"start":{},"end":{}}],"line":7}},"s":{"0":7,"1":16,"2":16,"3":0,"4":16,"5":16,"6":16,"7":7,"8":0,"9":0,"10":0,"11":0,"12":0,"13":7,"14":16,"15":16,"16":16,"17":16,"18":16},"f":{"0":16,"1":0,"2":16},"b":{"0":[0,16],"1":[16,0]},"_coverageSchema":"1a1c01bbd47fc00a2c39e90264f33305004495a9","hash":"d6a75a3962fda6093f2b9e83a0b0d3c39435ccc2"}
,"C:\\Projects\\shopme-ts\\src\\utils\\parse-response.ts": {"path":"C:\\Projects\\shopme-ts\\src\\utils\\parse-response.ts","statementMap":{"0":{"start":{"line":1,"column":29},"end":{"line":4,"column":1}},"1":{"start":{"line":2,"column":15},"end":{"line":2,"column":30}},"2":{"start":{"line":3,"column":2},"end":{"line":3,"column":13}}},"fnMap":{"0":{"name":"(anonymous_0)","decl":{"start":{"line":1,"column":29},"end":{"line":1,"column":30}},"loc":{"start":{"line":1,"column":54},"end":{"line":4,"column":1}},"line":1}},"branchMap":{},"s":{"0":0,"1":0,"2":0},"f":{"0":0},"b":{}}
,"C:\\Projects\\shopme-ts\\src\\utils\\rest-client.ts": {"path":"C:\\Projects\\shopme-ts\\src\\utils\\rest-client.ts","statementMap":{"0":{"start":{"line":10,"column":19},"end":{"line":43,"column":1}},"1":{"start":{"line":12,"column":2},"end":{"line":22,"column":3}},"2":{"start":{"line":13,"column":21},"end":{"line":13,"column":37}},"3":{"start":{"line":14,"column":4},"end":{"line":18,"column":5}},"4":{"start":{"line":17,"column":6},"end":{"line":17,"column":21}},"5":{"start":{"line":21,"column":4},"end":{"line":21,"column":49}},"6":{"start":{"line":45,"column":26},"end":{"line":59,"column":1}},"7":{"start":{"line":46,"column":2},"end":{"line":58,"column":3}},"8":{"start":{"line":47,"column":4},"end":{"line":47,"column":46}},"9":{"start":{"line":48,"column":9},"end":{"line":58,"column":3}},"10":{"start":{"line":49,"column":4},"end":{"line":49,"column":57}},"11":{"start":{"line":50,"column":9},"end":{"line":58,"column":3}},"12":{"start":{"line":51,"column":4},"end":{"line":51,"column":49}},"13":{"start":{"line":52,"column":9},"end":{"line":58,"column":3}},"14":{"start":{"line":53,"column":4},"end":{"line":53,"column":57}},"15":{"start":{"line":54,"column":9},"end":{"line":58,"column":3}},"16":{"start":{"line":55,"column":4},"end":{"line":55,"column":58}},"17":{"start":{"line":56,"column":9},"end":{"line":58,"column":3}},"18":{"start":{"line":57,"column":4},"end":{"line":57,"column":70}}},"fnMap":{"0":{"name":"(anonymous_0)","decl":{"start":{"line":10,"column":19},"end":{"line":10,"column":20}},"loc":{"start":{"line":10,"column":55},"end":{"line":43,"column":1}},"line":10},"1":{"name":"(anonymous_1)","decl":{"start":{"line":45,"column":26},"end":{"line":45,"column":27}},"loc":{"start":{"line":45,"column":62},"end":{"line":59,"column":1}},"line":45}},"branchMap":{"0":{"loc":{"start":{"line":14,"column":4},"end":{"line":18,"column":5}},"type":"if","locations":[{"start":{"line":14,"column":4},"end":{"line":18,"column":5}},{"start":{},"end":{}}],"line":14},"1":{"loc":{"start":{"line":46,"column":2},"end":{"line":58,"column":3}},"type":"if","locations":[{"start":{"line":46,"column":2},"end":{"line":58,"column":3}},{"start":{"line":48,"column":9},"end":{"line":58,"column":3}}],"line":46},"2":{"loc":{"start":{"line":48,"column":9},"end":{"line":58,"column":3}},"type":"if","locations":[{"start":{"line":48,"column":9},"end":{"line":58,"column":3}},{"start":{"line":50,"column":9},"end":{"line":58,"column":3}}],"line":48},"3":{"loc":{"start":{"line":50,"column":9},"end":{"line":58,"column":3}},"type":"if","locations":[{"start":{"line":50,"column":9},"end":{"line":58,"column":3}},{"start":{"line":52,"column":9},"end":{"line":58,"column":3}}],"line":50},"4":{"loc":{"start":{"line":52,"column":9},"end":{"line":58,"column":3}},"type":"if","locations":[{"start":{"line":52,"column":9},"end":{"line":58,"column":3}},{"start":{"line":54,"column":9},"end":{"line":58,"column":3}}],"line":52},"5":{"loc":{"start":{"line":54,"column":9},"end":{"line":58,"column":3}},"type":"if","locations":[{"start":{"line":54,"column":9},"end":{"line":58,"column":3}},{"start":{"line":56,"column":9},"end":{"line":58,"column":3}}],"line":54},"6":{"loc":{"start":{"line":56,"column":9},"end":{"line":58,"column":3}},"type":"if","locations":[{"start":{"line":56,"column":9},"end":{"line":58,"column":3}},{"start":{},"end":{}}],"line":56}},"s":{"0":1,"1":7,"2":7,"3":1,"4":1,"5":6,"6":1,"7":12,"8":2,"9":10,"10":2,"11":8,"12":2,"13":6,"14":2,"15":4,"16":2,"17":2,"18":2},"f":{"0":7,"1":12},"b":{"0":[1,0],"1":[2,10],"2":[2,8],"3":[2,6],"4":[2,4],"5":[2,2],"6":[2,0]},"_coverageSchema":"1a1c01bbd47fc00a2c39e90264f33305004495a9","hash":"b6cd8fa4b01d8d2cfab62c6519d0fb22af9fb0a7"}
,"C:\\Projects\\shopme-ts\\src\\utils\\throw-error.ts": {"path":"C:\\Projects\\shopme-ts\\src\\utils\\throw-error.ts","statementMap":{"0":{"start":{"line":10,"column":26},"end":{"line":24,"column":1}},"1":{"start":{"line":11,"column":2},"end":{"line":23,"column":3}},"2":{"start":{"line":12,"column":4},"end":{"line":12,"column":46}},"3":{"start":{"line":13,"column":9},"end":{"line":23,"column":3}},"4":{"start":{"line":14,"column":4},"end":{"line":14,"column":57}},"5":{"start":{"line":15,"column":9},"end":{"line":23,"column":3}},"6":{"start":{"line":16,"column":4},"end":{"line":16,"column":49}},"7":{"start":{"line":17,"column":9},"end":{"line":23,"column":3}},"8":{"start":{"line":18,"column":4},"end":{"line":18,"column":57}},"9":{"start":{"line":19,"column":9},"end":{"line":23,"column":3}},"10":{"start":{"line":20,"column":4},"end":{"line":20,"column":58}},"11":{"start":{"line":21,"column":9},"end":{"line":23,"column":3}},"12":{"start":{"line":22,"column":4},"end":{"line":22,"column":70}}},"fnMap":{"0":{"name":"(anonymous_0)","decl":{"start":{"line":10,"column":26},"end":{"line":10,"column":27}},"loc":{"start":{"line":10,"column":62},"end":{"line":24,"column":1}},"line":10}},"branchMap":{"0":{"loc":{"start":{"line":11,"column":2},"end":{"line":23,"column":3}},"type":"if","locations":[{"start":{"line":11,"column":2},"end":{"line":23,"column":3}},{"start":{"line":13,"column":9},"end":{"line":23,"column":3}}],"line":11},"1":{"loc":{"start":{"line":13,"column":9},"end":{"line":23,"column":3}},"type":"if","locations":[{"start":{"line":13,"column":9},"end":{"line":23,"column":3}},{"start":{"line":15,"column":9},"end":{"line":23,"column":3}}],"line":13},"2":{"loc":{"start":{"line":15,"column":9},"end":{"line":23,"column":3}},"type":"if","locations":[{"start":{"line":15,"column":9},"end":{"line":23,"column":3}},{"start":{"line":17,"column":9},"end":{"line":23,"column":3}}],"line":15},"3":{"loc":{"start":{"line":17,"column":9},"end":{"line":23,"column":3}},"type":"if","locations":[{"start":{"line":17,"column":9},"end":{"line":23,"column":3}},{"start":{"line":19,"column":9},"end":{"line":23,"column":3}}],"line":17},"4":{"loc":{"start":{"line":19,"column":9},"end":{"line":23,"column":3}},"type":"if","locations":[{"start":{"line":19,"column":9},"end":{"line":23,"column":3}},{"start":{"line":21,"column":9},"end":{"line":23,"column":3}}],"line":19},"5":{"loc":{"start":{"line":21,"column":9},"end":{"line":23,"column":3}},"type":"if","locations":[{"start":{"line":21,"column":9},"end":{"line":23,"column":3}},{"start":{},"end":{}}],"line":21}},"s":{"0":8,"1":28,"2":4,"3":24,"4":4,"5":20,"6":4,"7":16,"8":8,"9":8,"10":4,"11":4,"12":4},"f":{"0":28},"b":{"0":[4,24],"1":[4,20],"2":[4,16],"3":[8,8],"4":[4,4],"5":[4,0]},"_coverageSchema":"1a1c01bbd47fc00a2c39e90264f33305004495a9","hash":"6e821537838932e2b428c0fed839df6a8e3592ff"}
}
