TN:
SF:src\App.tsx
FN:20,App
FNF:1
FNH:0
FNDA:0,App
DA:21,0
LF:1
LH:0
BRF:0
BRH:0
end_of_record
TN:
SF:src\index.tsx
FN:13,(anonymous_0)
FN:19,(anonymous_1)
FN:26,(anonymous_2)
FN:34,(anonymous_3)
FNF:4
FNH:0
FNDA:0,(anonymous_0)
FNDA:0,(anonymous_1)
FNDA:0,(anonymous_2)
FNDA:0,(anonymous_3)
DA:12,0
DA:15,0
DA:16,0
DA:17,0
DA:20,0
DA:25,0
DA:28,0
DA:29,0
DA:30,0
DA:32,0
DA:35,0
DA:39,0
DA:40,0
DA:55,0
LF:14
LH:0
BRDA:29,0,0,0
BRDA:29,0,1,0
BRF:2
BRH:0
end_of_record
TN:
SF:src\reportWebVitals.ts
FN:3,(anonymous_0)
FN:5,(anonymous_1)
FNF:2
FNH:0
FNDA:0,(anonymous_0)
FNDA:0,(anonymous_1)
DA:3,0
DA:4,0
DA:5,0
DA:6,0
DA:7,0
DA:8,0
DA:9,0
DA:10,0
LF:8
LH:0
BRDA:4,0,0,0
BRDA:4,0,1,0
BRDA:4,1,0,0
BRDA:4,1,1,0
BRF:4
BRH:0
end_of_record
TN:
SF:src\__tests__\mocks\carts.ts
FN:1,(anonymous_0)
FNF:1
FNH:0
FNDA:0,(anonymous_0)
DA:1,0
LF:1
LH:0
BRF:0
BRH:0
end_of_record
TN:
SF:src\__tests__\mocks\favorite.ts
FN:1,(anonymous_0)
FNF:1
FNH:1
FNDA:2,(anonymous_0)
DA:1,2
LF:1
LH:1
BRDA:1,0,0,0
BRF:1
BRH:0
end_of_record
TN:
SF:src\__tests__\mocks\favorites.ts
FN:1,(anonymous_0)
FNF:1
FNH:1
FNDA:4,(anonymous_0)
DA:1,4
LF:1
LH:1
BRF:0
BRH:0
end_of_record
TN:
SF:src\__tests__\mocks\product.ts
FN:1,(anonymous_0)
FNF:1
FNH:1
FNDA:21,(anonymous_0)
DA:1,21
LF:1
LH:1
BRDA:1,0,0,20
BRF:1
BRH:1
end_of_record
TN:
SF:src\__tests__\mocks\products.ts
FN:1,(anonymous_0)
FNF:1
FNH:1
FNDA:35,(anonymous_0)
DA:1,35
LF:1
LH:1
BRF:0
BRH:0
end_of_record
TN:
SF:src\__tests__\mocks\data\Product.ts
FN:1,(anonymous_0)
FNF:1
FNH:1
FNDA:2,(anonymous_0)
DA:1,2
LF:1
LH:1
BRDA:1,0,0,2
BRF:1
BRH:1
end_of_record
TN:
SF:src\__tests__\test-utils\component-renderer.tsx
FN:15,(anonymous_0)
FN:21,(anonymous_1)
FNF:2
FNH:2
FNDA:47,(anonymous_0)
FNDA:4,(anonymous_1)
DA:13,15
DA:15,15
DA:16,47
DA:21,15
DA:22,4
LF:5
LH:5
BRDA:15,0,0,47
BRF:1
BRH:1
end_of_record
TN:
SF:src\__tests__\test-utils\nocked.ts
FN:3,(anonymous_0)
FNF:1
FNH:0
FNDA:0,(anonymous_0)
DA:3,0
DA:4,0
DA:5,0
DA:7,0
DA:15,0
DA:17,0
LF:6
LH:0
BRDA:4,0,0,0
BRDA:4,0,1,0
BRDA:5,1,0,0
BRDA:5,1,1,0
BRDA:13,2,0,0
BRDA:13,2,1,0
BRDA:15,3,0,0
BRDA:15,3,1,0
BRDA:23,4,0,0
BRDA:23,4,1,0
BRF:10
BRH:0
end_of_record
TN:
SF:src\__tests__\test-utils\reset-store.ts
FN:6,(anonymous_0)
FNF:1
FNH:0
FNDA:0,(anonymous_0)
DA:6,0
DA:7,0
DA:16,0
DA:23,0
DA:24,0
LF:5
LH:0
BRF:0
BRH:0
end_of_record
TN:
SF:src\__tests__\test-utils\redux\mock-store.ts
FN:3,(anonymous_0)
FN:11,(anonymous_1)
FNF:2
FNH:2
FNDA:15,(anonymous_0)
FNDA:15,(anonymous_1)
DA:3,15
DA:11,15
DA:12,15
DA:13,15
DA:14,15
LF:5
LH:5
BRDA:3,0,0,0
BRDA:11,1,0,15
BRF:2
BRH:1
end_of_record
TN:
SF:src\__tests__\test-utils\redux\test-store.ts
FN:6,(anonymous_0)
FNF:1
FNH:1
FNDA:10,(anonymous_0)
DA:6,2
DA:7,10
DA:21,10
LF:3
LH:3
BRDA:15,0,0,10
BRDA:15,0,1,10
BRDA:15,0,2,0
BRDA:15,0,3,0
BRDA:15,0,4,10
BRF:5
BRH:3
end_of_record
TN:
SF:src\__tests__\types\Product.ts
FNF:0
FNH:0
LF:0
LH:0
BRF:0
BRH:0
end_of_record
TN:
SF:src\client-request\get-product-detail.ts
FN:4,(anonymous_0)
FN:5,(anonymous_1)
FN:12,(anonymous_2)
FN:16,(anonymous_3)
FNF:4
FNH:4
FNDA:7,(anonymous_0)
FNDA:7,(anonymous_1)
FNDA:4,(anonymous_2)
FNDA:3,(anonymous_3)
DA:4,4
DA:5,7
DA:9,7
DA:11,7
DA:14,4
DA:18,3
LF:6
LH:6
BRF:0
BRH:0
end_of_record
TN:
SF:src\client-request\get-products.ts
FN:4,(anonymous_0)
FN:5,(anonymous_1)
FN:11,(anonymous_2)
FN:14,(anonymous_3)
FNF:4
FNH:4
FNDA:5,(anonymous_0)
FNDA:5,(anonymous_1)
FNDA:1,(anonymous_2)
FNDA:1,(anonymous_3)
DA:4,4
DA:5,5
DA:9,5
DA:10,5
DA:12,1
DA:15,1
LF:6
LH:6
BRF:0
BRH:0
end_of_record
TN:
SF:src\components\Cart.tsx
FN:8,(anonymous_0)
FNF:1
FNH:1
FNDA:4,(anonymous_0)
DA:8,3
DA:9,4
DA:14,3
LF:3
LH:3
BRF:0
BRH:0
end_of_record
TN:
SF:src\components\CartButton.tsx
FN:3,(anonymous_0)
FNF:1
FNH:0
FNDA:0,(anonymous_0)
DA:3,0
DA:4,0
LF:2
LH:0
BRF:0
BRH:0
end_of_record
TN:
SF:src\components\DeleteProductBtn.tsx
FN:20,(anonymous_0)
FNF:1
FNH:0
FNDA:0,(anonymous_0)
DA:20,8
DA:21,0
DA:22,0
DA:27,0
DA:28,0
DA:29,0
DA:30,0
DA:33,0
DA:42,8
LF:9
LH:2
BRDA:27,0,0,0
BRDA:27,0,1,0
BRDA:29,1,0,0
BRDA:29,1,1,0
BRF:4
BRH:0
end_of_record
TN:
SF:src\components\Detail.tsx
FN:12,(anonymous_0)
FN:83,(anonymous_1)
FN:89,(anonymous_2)
FN:90,(anonymous_3)
FN:98,(anonymous_4)
FN:99,(anonymous_5)
FNF:6
FNH:2
FNDA:16,(anonymous_0)
FNDA:16,(anonymous_1)
FNDA:0,(anonymous_2)
FNDA:0,(anonymous_3)
FNDA:0,(anonymous_4)
FNDA:0,(anonymous_5)
DA:12,8
DA:23,16
DA:24,16
DA:25,16
DA:26,16
DA:38,16
DA:84,16
DA:85,0
DA:89,0
DA:90,0
DA:94,16
DA:95,0
DA:98,0
DA:99,0
DA:111,8
LF:15
LH:9
BRDA:23,0,0,16
BRDA:23,0,1,6
BRDA:59,1,0,16
BRDA:59,1,1,10
BRDA:84,2,0,0
BRDA:84,2,1,16
BRDA:84,3,0,16
BRDA:84,3,1,16
BRDA:94,4,0,0
BRDA:94,4,1,16
BRDA:94,5,0,16
BRDA:94,5,1,16
BRF:12
BRH:10
end_of_record
TN:
SF:src\components\Favorite.tsx
FN:8,(anonymous_0)
FNF:1
FNH:1
FNDA:4,(anonymous_0)
DA:8,3
DA:9,4
DA:14,3
LF:3
LH:3
BRF:0
BRH:0
end_of_record
TN:
SF:src\components\Footer.tsx
FN:3,(anonymous_0)
FNF:1
FNH:0
FNDA:0,(anonymous_0)
DA:3,0
DA:4,0
LF:2
LH:0
BRF:0
BRH:0
end_of_record
TN:
SF:src\components\Header.tsx
FN:12,(anonymous_0)
FN:13,(anonymous_1)
FN:14,(anonymous_2)
FN:17,(anonymous_3)
FN:25,(anonymous_4)
FN:51,(anonymous_5)
FN:56,(anonymous_6)
FNF:7
FNH:5
FNDA:11,(anonymous_0)
FNDA:11,(anonymous_1)
FNDA:11,(anonymous_2)
FNDA:11,(anonymous_3)
FNDA:11,(anonymous_4)
FNDA:0,(anonymous_5)
FNDA:0,(anonymous_6)
DA:12,1
DA:13,11
DA:14,11
DA:15,11
DA:17,11
DA:18,11
DA:19,1
DA:21,10
DA:25,11
DA:26,11
DA:27,1
DA:29,10
DA:33,11
DA:51,0
DA:56,0
LF:15
LH:13
BRDA:18,0,0,1
BRDA:18,0,1,10
BRDA:26,1,0,1
BRDA:26,1,1,10
BRDA:50,2,0,11
BRDA:50,2,1,11
BRDA:55,3,0,11
BRDA:55,3,1,0
BRF:8
BRH:7
end_of_record
TN:
SF:src\components\NotFound.tsx
FN:3,(anonymous_0)
FNF:1
FNH:1
FNDA:3,(anonymous_0)
DA:3,2
DA:4,3
LF:2
LH:2
BRF:0
BRH:0
end_of_record
TN:
SF:src\components\Product.tsx
FN:29,(anonymous_0)
FN:32,(anonymous_1)
FN:38,(anonymous_2)
FN:46,(anonymous_3)
FN:52,(anonymous_4)
FN:77,(anonymous_5)
FNF:6
FNH:4
FNDA:15,(anonymous_0)
FNDA:15,(anonymous_1)
FNDA:0,(anonymous_2)
FNDA:0,(anonymous_3)
FNDA:15,(anonymous_4)
FNDA:5,(anonymous_5)
DA:29,4
DA:30,15
DA:32,15
DA:33,15
DA:34,2
DA:38,0
DA:42,13
DA:46,0
DA:52,15
DA:53,15
DA:54,2
DA:56,13
DA:60,15
DA:77,5
DA:87,4
LF:15
LH:13
BRDA:33,0,0,2
BRDA:33,0,1,13
BRDA:53,1,0,2
BRDA:53,1,1,13
BRDA:75,2,0,2
BRDA:75,2,1,13
BRF:6
BRH:6
end_of_record
TN:
SF:src\components\ProductCount.tsx
FN:3,(anonymous_0)
FNF:1
FNH:0
FNDA:0,(anonymous_0)
DA:3,8
DA:4,0
LF:2
LH:1
BRF:0
BRH:0
end_of_record
TN:
SF:src\components\Star.tsx
FN:3,(anonymous_0)
FNF:1
FNH:1
FNDA:52,(anonymous_0)
DA:3,10
DA:4,52
LF:2
LH:2
BRF:0
BRH:0
end_of_record
TN:
SF:src\components\Stars.tsx
FN:6,(anonymous_0)
FN:9,(anonymous_1)
FN:18,(anonymous_2)
FN:23,(anonymous_3)
FNF:4
FNH:4
FNDA:22,(anonymous_0)
FNDA:11,(anonymous_1)
FNDA:11,(anonymous_2)
FNDA:46,(anonymous_3)
DA:6,9
DA:7,22
DA:9,22
DA:10,11
DA:11,11
DA:12,11
DA:13,46
DA:15,11
DA:18,22
DA:19,11
DA:20,11
DA:23,46
DA:25,22
DA:34,9
LF:14
LH:14
BRF:0
BRH:0
end_of_record
TN:
SF:src\constants\status.ts
FNF:0
FNH:0
LF:0
LH:0
BRF:0
BRH:0
end_of_record
TN:
SF:src\hooks\useProductActionHook.tsx
FN:11,(anonymous_0)
FN:12,(anonymous_1)
FN:15,(anonymous_2)
FN:16,(anonymous_3)
FN:20,(anonymous_4)
FN:34,(anonymous_5)
FN:35,(anonymous_6)
FN:40,(anonymous_7)
FN:68,(anonymous_8)
FNF:9
FNH:3
FNDA:20,(anonymous_0)
FNDA:20,(anonymous_1)
FNDA:0,(anonymous_2)
FNDA:0,(anonymous_3)
FNDA:0,(anonymous_4)
FNDA:0,(anonymous_5)
FNDA:0,(anonymous_6)
FNDA:0,(anonymous_7)
FNDA:1,(anonymous_8)
DA:11,10
DA:12,20
DA:13,20
DA:15,20
DA:16,0
DA:17,0
DA:19,0
DA:20,0
DA:21,0
DA:22,0
DA:27,0
DA:30,0
DA:34,20
DA:35,0
DA:37,0
DA:39,0
DA:40,0
DA:41,0
DA:42,0
DA:47,0
DA:50,0
DA:68,20
DA:69,1
DA:93,20
LF:24
LH:8
BRDA:19,0,0,0
BRDA:19,0,1,0
BRDA:21,1,0,0
BRDA:21,1,1,0
BRDA:39,2,0,0
BRDA:39,2,1,0
BRDA:41,3,0,0
BRDA:41,3,1,0
BRF:8
BRH:0
end_of_record
TN:
SF:src\interface\IProduct.ts
FNF:0
FNH:0
LF:0
LH:0
BRF:0
BRH:0
end_of_record
TN:
SF:src\interface\IRating.ts
FNF:0
FNH:0
LF:0
LH:0
BRF:0
BRH:0
end_of_record
TN:
SF:src\pages\Cart-List.tsx
FN:12,(anonymous_0)
FN:13,(anonymous_1)
FN:15,(anonymous_2)
FNF:3
FNH:2
FNDA:2,(anonymous_0)
FNDA:2,(anonymous_1)
FNDA:0,(anonymous_2)
DA:12,2
DA:13,2
DA:15,2
DA:17,2
LF:4
LH:4
BRF:0
BRH:0
end_of_record
TN:
SF:src\pages\Favorites-List.tsx
FN:11,(anonymous_0)
FN:12,(anonymous_1)
FN:13,(anonymous_2)
FNF:3
FNH:2
FNDA:2,(anonymous_0)
FNDA:2,(anonymous_1)
FNDA:0,(anonymous_2)
DA:11,2
DA:12,2
DA:13,2
DA:14,2
LF:4
LH:4
BRF:0
BRH:0
end_of_record
TN:
SF:src\pages\Product-Detail.tsx
FN:19,(anonymous_0)
FN:21,(anonymous_1)
FN:24,(anonymous_2)
FN:26,(anonymous_3)
FN:38,(anonymous_4)
FNF:5
FNH:5
FNDA:6,(anonymous_0)
FNDA:6,(anonymous_1)
FNDA:6,(anonymous_2)
FNDA:4,(anonymous_3)
FNDA:2,(anonymous_4)
DA:19,3
DA:20,6
DA:21,6
DA:22,6
DA:24,6
DA:25,6
DA:27,4
DA:28,4
DA:39,2
DA:56,6
LF:10
LH:10
BRF:0
BRH:0
end_of_record
TN:
SF:src\pages\Product-List.tsx
FN:14,(anonymous_0)
FN:15,(anonymous_1)
FN:18,(anonymous_2)
FN:21,(anonymous_3)
FN:23,(anonymous_4)
FN:33,(anonymous_5)
FN:39,(anonymous_6)
FN:43,(anonymous_7)
FN:44,(anonymous_8)
FNF:9
FNH:5
FNDA:4,(anonymous_0)
FNDA:4,(anonymous_1)
FNDA:4,(anonymous_2)
FNDA:1,(anonymous_3)
FNDA:3,(anonymous_4)
FNDA:0,(anonymous_5)
FNDA:0,(anonymous_6)
FNDA:0,(anonymous_7)
FNDA:0,(anonymous_8)
DA:14,3
DA:15,4
DA:16,4
DA:18,4
DA:19,4
DA:20,4
DA:22,1
DA:23,1
DA:24,3
DA:31,1
DA:39,4
DA:40,0
DA:43,0
DA:44,0
DA:48,4
LF:15
LH:12
BRDA:19,0,0,4
BRDA:19,0,1,0
BRF:2
BRH:1
end_of_record
TN:
SF:src\pages\Service-Data.tsx
FN:4,(anonymous_0)
FNF:1
FNH:0
FNDA:0,(anonymous_0)
DA:4,0
DA:5,0
LF:2
LH:0
BRF:0
BRH:0
end_of_record
TN:
SF:src\redux\store.ts
FNF:0
FNH:0
DA:4,0
DA:6,0
LF:2
LH:0
BRDA:4,0,0,0
BRDA:4,0,1,0
BRDA:9,1,0,0
BRDA:9,1,1,0
BRDA:9,1,2,0
BRDA:9,1,3,0
BRDA:9,1,4,0
BRF:7
BRH:0
end_of_record
TN:
SF:src\redux\actions\cartAction.ts
FN:4,(anonymous_0)
FNF:1
FNH:1
FNDA:1,(anonymous_0)
DA:4,11
DA:5,1
LF:2
LH:2
BRF:0
BRH:0
end_of_record
TN:
SF:src\redux\actions\favoriteProductsAction.ts
FN:4,(anonymous_0)
FNF:1
FNH:1
FNDA:1,(anonymous_0)
DA:4,11
DA:5,1
LF:2
LH:2
BRF:0
BRH:0
end_of_record
TN:
SF:src\redux\actions\productAction.ts
FN:4,(anonymous_0)
FN:11,(anonymous_1)
FN:18,(anonymous_2)
FNF:3
FNH:2
FNDA:1,(anonymous_0)
FNDA:4,(anonymous_1)
FNDA:0,(anonymous_2)
DA:4,10
DA:5,1
DA:11,10
DA:12,4
DA:18,10
DA:19,0
LF:6
LH:5
BRF:0
BRH:0
end_of_record
TN:
SF:src\redux\actions\resetStoreAction.ts
FN:3,(anonymous_0)
FNF:1
FNH:0
FNDA:0,(anonymous_0)
DA:3,0
DA:4,0
LF:2
LH:0
BRF:0
BRH:0
end_of_record
TN:
SF:src\redux\constants\action-types.ts
FNF:0
FNH:0
DA:1,12
LF:1
LH:1
BRF:0
BRH:0
end_of_record
TN:
SF:src\redux\reducers\cartReducer.ts
FN:4,(anonymous_0)
FN:8,(anonymous_1)
FN:9,(anonymous_2)
FN:11,(anonymous_3)
FN:17,(anonymous_4)
FNF:5
FNH:2
FNDA:1,(anonymous_0)
FNDA:0,(anonymous_1)
FNDA:0,(anonymous_2)
FNDA:0,(anonymous_3)
FNDA:32,(anonymous_4)
DA:4,2
DA:5,1
DA:8,2
DA:9,0
DA:10,0
DA:11,0
DA:13,0
DA:17,2
DA:18,32
DA:20,1
DA:22,31
LF:11
LH:7
BRDA:10,0,0,0
BRDA:10,0,1,0
BRDA:17,1,0,30
BRDA:18,2,0,1
BRDA:18,2,1,31
BRDA:20,3,0,1
BRDA:20,3,1,0
BRF:7
BRH:4
end_of_record
TN:
SF:src\redux\reducers\favoriteProductReducer.ts
FN:4,(anonymous_0)
FN:8,(anonymous_1)
FN:9,(anonymous_2)
FN:11,(anonymous_3)
FN:17,(anonymous_4)
FNF:5
FNH:2
FNDA:1,(anonymous_0)
FNDA:0,(anonymous_1)
FNDA:0,(anonymous_2)
FNDA:0,(anonymous_3)
FNDA:32,(anonymous_4)
DA:4,2
DA:5,1
DA:8,2
DA:9,0
DA:10,0
DA:11,0
DA:13,0
DA:17,2
DA:18,32
DA:20,1
DA:22,31
LF:11
LH:7
BRDA:10,0,0,0
BRDA:10,0,1,0
BRDA:17,1,0,30
BRDA:18,2,0,1
BRDA:18,2,1,31
BRDA:20,3,0,1
BRDA:20,3,1,0
BRF:7
BRH:4
end_of_record
TN:
SF:src\redux\reducers\index.ts
FN:24,(anonymous_0)
FNF:1
FNH:0
FNDA:0,(anonymous_0)
DA:9,0
DA:16,0
DA:24,0
DA:25,0
DA:26,0
DA:29,0
LF:6
LH:0
BRDA:25,0,0,0
BRDA:25,0,1,0
BRF:2
BRH:0
end_of_record
TN:
SF:src\redux\reducers\productReducer.ts
FN:4,(anonymous_0)
FN:13,(anonymous_1)
FNF:2
FNH:2
FNDA:32,(anonymous_0)
FNDA:32,(anonymous_1)
DA:4,2
DA:5,32
DA:7,0
DA:9,32
DA:13,2
DA:14,32
DA:16,0
DA:18,0
DA:20,32
LF:9
LH:6
BRDA:4,0,0,30
BRDA:5,1,0,0
BRDA:5,1,1,32
BRDA:13,2,0,30
BRDA:14,3,0,0
BRDA:14,3,1,0
BRDA:14,3,2,32
BRF:7
BRH:4
end_of_record
TN:
SF:src\service\Inline-Error.tsx
FN:8,(anonymous_0)
FNF:1
FNH:0
FNDA:0,(anonymous_0)
DA:8,0
DA:9,0
DA:10,0
DA:15,0
LF:4
LH:0
BRF:0
BRH:0
end_of_record
TN:
SF:src\service\Inline-loading.tsx
FN:8,(anonymous_0)
FNF:1
FNH:0
FNDA:0,(anonymous_0)
DA:8,0
DA:9,0
DA:10,0
DA:15,0
LF:4
LH:0
BRF:0
BRH:0
end_of_record
TN:
SF:src\service\data-loader.tsx
FN:14,(anonymous_0)
FN:16,(anonymous_1)
FN:17,(anonymous_2)
FN:20,(anonymous_3)
FN:23,(anonymous_4)
FN:29,(anonymous_5)
FN:31,(anonymous_6)
FN:35,(anonymous_7)
FNF:8
FNH:0
FNDA:0,(anonymous_0)
FNDA:0,(anonymous_1)
FNDA:0,(anonymous_2)
FNDA:0,(anonymous_3)
FNDA:0,(anonymous_4)
FNDA:0,(anonymous_5)
FNDA:0,(anonymous_6)
FNDA:0,(anonymous_7)
DA:14,0
DA:15,0
DA:16,0
DA:17,0
DA:19,0
DA:21,0
DA:24,0
DA:29,0
DA:30,0
DA:32,0
DA:33,0
DA:36,0
DA:40,0
DA:45,0
LF:14
LH:0
BRF:0
BRH:0
end_of_record
TN:
SF:src\types\Product-Props.ts
FNF:0
FNH:0
LF:0
LH:0
BRF:0
BRH:0
end_of_record
TN:
SF:src\types\Product.ts
FNF:0
FNH:0
LF:0
LH:0
BRF:0
BRH:0
end_of_record
TN:
SF:src\types\Products.ts
FNF:0
FNH:0
DA:3,0
LF:1
LH:0
BRF:0
BRH:0
end_of_record
TN:
SF:src\types\Rating.ts
FNF:0
FNH:0
LF:0
LH:0
BRF:0
BRH:0
end_of_record
TN:
SF:src\types\Store.ts
FNF:0
FNH:0
LF:0
LH:0
BRF:0
BRH:0
end_of_record
TN:
SF:src\types\environment-vars.ts
FNF:0
FNH:0
LF:0
LH:0
BRF:0
BRH:0
end_of_record
TN:
SF:src\utils\axios-rest-client.ts
FN:5,(anonymous_0)
FNF:1
FNH:1
FNDA:31,(anonymous_0)
DA:5,8
DA:6,31
DA:7,31
DA:8,6
DA:10,22
DA:11,22
LF:6
LH:6
BRF:0
BRH:0
end_of_record
TN:
SF:src\utils\error-handler.ts
FN:4,(anonymous_0)
FN:14,(anonymous_1)
FN:24,(anonymous_2)
FN:34,(anonymous_3)
FN:44,(anonymous_4)
FN:54,(anonymous_5)
FNF:6
FNH:6
FNDA:21,(anonymous_0)
FNDA:9,(anonymous_1)
FNDA:9,(anonymous_2)
FNDA:16,(anonymous_3)
FNDA:9,(anonymous_4)
FNDA:9,(anonymous_5)
DA:5,21
DA:6,21
DA:7,21
DA:15,9
DA:16,9
DA:17,9
DA:25,9
DA:26,9
DA:27,9
DA:35,16
DA:36,16
DA:37,16
DA:45,9
DA:46,9
DA:47,9
DA:55,9
DA:56,9
DA:57,9
LF:18
LH:18
BRF:0
BRH:0
end_of_record
TN:
SF:src\utils\fetch-client.ts
FN:10,(anonymous_0)
FN:21,(anonymous_1)
FNF:2
FNH:0
FNDA:0,(anonymous_0)
FNDA:0,(anonymous_1)
DA:10,0
DA:12,0
DA:14,0
DA:16,0
DA:18,0
DA:21,0
DA:22,0
DA:23,0
DA:24,0
DA:25,0
DA:26,0
DA:27,0
DA:28,0
DA:29,0
DA:30,0
DA:31,0
DA:32,0
DA:33,0
LF:18
LH:0
BRDA:14,0,0,0
BRDA:14,0,1,0
BRDA:22,1,0,0
BRDA:22,1,1,0
BRDA:24,2,0,0
BRDA:24,2,1,0
BRDA:26,3,0,0
BRDA:26,3,1,0
BRDA:28,4,0,0
BRDA:28,4,1,0
BRDA:30,5,0,0
BRDA:30,5,1,0
BRDA:32,6,0,0
BRDA:32,6,1,0
BRF:14
BRH:0
end_of_record
TN:
SF:src\utils\get-api-url.ts
FN:1,(anonymous_0)
FN:13,(anonymous_1)
FN:21,(anonymous_2)
FNF:3
FNH:2
FNDA:16,(anonymous_0)
FNDA:0,(anonymous_1)
FNDA:16,(anonymous_2)
DA:1,7
DA:2,16
DA:4,16
DA:5,0
DA:7,16
DA:8,16
DA:10,16
DA:13,7
DA:14,0
DA:15,0
DA:16,0
DA:17,0
DA:18,0
DA:21,7
DA:22,16
DA:23,16
DA:24,16
DA:25,16
DA:26,16
LF:19
LH:13
BRDA:4,0,0,0
BRDA:4,0,1,16
BRDA:7,1,0,16
BRDA:7,1,1,0
BRF:4
BRH:2
end_of_record
TN:
SF:src\utils\parse-response.ts
FN:1,(anonymous_0)
FNF:1
FNH:0
FNDA:0,(anonymous_0)
DA:1,0
DA:2,0
DA:3,0
LF:3
LH:0
BRF:0
BRH:0
end_of_record
TN:
SF:src\utils\rest-client.ts
FN:10,(anonymous_0)
FN:45,(anonymous_1)
FNF:2
FNH:2
FNDA:7,(anonymous_0)
FNDA:12,(anonymous_1)
DA:10,1
DA:12,7
DA:13,7
DA:14,1
DA:17,1
DA:21,6
DA:45,1
DA:46,12
DA:47,2
DA:48,10
DA:49,2
DA:50,8
DA:51,2
DA:52,6
DA:53,2
DA:54,4
DA:55,2
DA:56,2
DA:57,2
LF:19
LH:19
BRDA:14,0,0,1
BRDA:14,0,1,0
BRDA:46,1,0,2
BRDA:46,1,1,10
BRDA:48,2,0,2
BRDA:48,2,1,8
BRDA:50,3,0,2
BRDA:50,3,1,6
BRDA:52,4,0,2
BRDA:52,4,1,4
BRDA:54,5,0,2
BRDA:54,5,1,2
BRDA:56,6,0,2
BRDA:56,6,1,0
BRF:14
BRH:12
end_of_record
TN:
SF:src\utils\throw-error.ts
FN:10,(anonymous_0)
FNF:1
FNH:1
FNDA:28,(anonymous_0)
DA:10,8
DA:11,28
DA:12,4
DA:13,24
DA:14,4
DA:15,20
DA:16,4
DA:17,16
DA:18,8
DA:19,8
DA:20,4
DA:21,4
DA:22,4
LF:13
LH:13
BRDA:11,0,0,4
BRDA:11,0,1,24
BRDA:13,1,0,4
BRDA:13,1,1,20
BRDA:15,2,0,4
BRDA:15,2,1,16
BRDA:17,3,0,8
BRDA:17,3,1,8
BRDA:19,4,0,4
BRDA:19,4,1,4
BRDA:21,5,0,4
BRDA:21,5,1,0
BRF:12
BRH:11
end_of_record
